15-Jan-2025 09:16:38.749 INFO [main] org.apache.catalina.startup.VersionLoggerListener.log Server version name:   Apache Tomcat/10.1.34
15-Jan-2025 09:16:38.756 INFO [main] org.apache.catalina.startup.VersionLoggerListener.log Server built:          Dec 5 2024 16:01:16 UTC
15-Jan-2025 09:16:38.756 INFO [main] org.apache.catalina.startup.VersionLoggerListener.log Server version number: 10.1.34.0
15-Jan-2025 09:16:38.756 INFO [main] org.apache.catalina.startup.VersionLoggerListener.log OS Name:               Windows 11
15-Jan-2025 09:16:38.756 INFO [main] org.apache.catalina.startup.VersionLoggerListener.log OS Version:            10.0
15-Jan-2025 09:16:38.756 INFO [main] org.apache.catalina.startup.VersionLoggerListener.log Architecture:          amd64
15-Jan-2025 09:16:38.757 INFO [main] org.apache.catalina.startup.VersionLoggerListener.log Java Home:             C:\Users\imper\.jdks\openjdk-23.0.1
15-Jan-2025 09:16:38.757 INFO [main] org.apache.catalina.startup.VersionLoggerListener.log JVM Version:           23.0.1+11-39
15-Jan-2025 09:16:38.757 INFO [main] org.apache.catalina.startup.VersionLoggerListener.log JVM Vendor:            Oracle Corporation
15-Jan-2025 09:16:38.757 INFO [main] org.apache.catalina.startup.VersionLoggerListener.log CATALINA_BASE:         C:\Users\imper\Documents\Java_Projects\RegistrationServletAndJDBCProj
15-Jan-2025 09:16:38.757 INFO [main] org.apache.catalina.startup.VersionLoggerListener.log CATALINA_HOME:         C:\Users\imper\Downloads\apache-tomcat-10.1.34-windows-x64\apache-tomcat-10.1.34
15-Jan-2025 09:16:38.775 INFO [main] org.apache.catalina.startup.VersionLoggerListener.log Command line argument: --add-opens=java.base/java.lang=ALL-UNNAMED
15-Jan-2025 09:16:38.775 INFO [main] org.apache.catalina.startup.VersionLoggerListener.log Command line argument: --add-opens=java.base/java.io=ALL-UNNAMED
15-Jan-2025 09:16:38.775 INFO [main] org.apache.catalina.startup.VersionLoggerListener.log Command line argument: --add-opens=java.base/java.util=ALL-UNNAMED
15-Jan-2025 09:16:38.775 INFO [main] org.apache.catalina.startup.VersionLoggerListener.log Command line argument: --add-opens=java.base/java.util.concurrent=ALL-UNNAMED
15-Jan-2025 09:16:38.775 INFO [main] org.apache.catalina.startup.VersionLoggerListener.log Command line argument: --add-opens=java.rmi/sun.rmi.transport=ALL-UNNAMED
15-Jan-2025 09:16:38.775 INFO [main] org.apache.catalina.startup.VersionLoggerListener.log Command line argument: -Dcatalina.home=C:\Users\imper\Downloads\apache-tomcat-10.1.34-windows-x64\apache-tomcat-10.1.34
15-Jan-2025 09:16:38.776 INFO [main] org.apache.catalina.startup.VersionLoggerListener.log Command line argument: -Dcatalina.base=C:\Users\imper\Documents\Java_Projects\RegistrationServletAndJDBCProj
15-Jan-2025 09:16:38.776 INFO [main] org.apache.catalina.startup.VersionLoggerListener.log Command line argument: -Djava.io.tmpdir=C:\Users\imper\Documents\Java_Projects\RegistrationServletAndJDBCProj\temp
15-Jan-2025 09:16:38.776 INFO [main] org.apache.catalina.startup.VersionLoggerListener.log Command line argument: -Djava.util.logging.config.file=C:\Users\imper\Documents\Java_Projects\RegistrationServletAndJDBCProj\conf\logging.properties
15-Jan-2025 09:16:38.776 INFO [main] org.apache.catalina.startup.VersionLoggerListener.log Command line argument: -Djava.util.logging.manager=org.apache.juli.ClassLoaderLogManager
15-Jan-2025 09:16:38.776 INFO [main] org.apache.catalina.startup.VersionLoggerListener.log Command line argument: -javaagent:C:\Program Files\JetBrains\IntelliJ IDEA Community Edition 2024.3.1.1\lib\idea_rt.jar=50919:C:\Program Files\JetBrains\IntelliJ IDEA Community Edition 2024.3.1.1\bin
15-Jan-2025 09:16:38.776 INFO [main] org.apache.catalina.startup.VersionLoggerListener.log Command line argument: -Dfile.encoding=UTF-8
15-Jan-2025 09:16:38.776 INFO [main] org.apache.catalina.startup.VersionLoggerListener.log Command line argument: -Dsun.stdout.encoding=UTF-8
15-Jan-2025 09:16:38.776 INFO [main] org.apache.catalina.startup.VersionLoggerListener.log Command line argument: -Dsun.stderr.encoding=UTF-8
15-Jan-2025 09:16:38.781 INFO [main] org.apache.catalina.core.AprLifecycleListener.lifecycleEvent Loaded Apache Tomcat Native library [2.0.8] using APR version [1.7.4].
15-Jan-2025 09:16:38.788 INFO [main] org.apache.catalina.core.AprLifecycleListener.initializeSSL OpenSSL successfully initialized [OpenSSL 3.0.14 4 Jun 2024]
15-Jan-2025 09:16:39.192 INFO [main] org.apache.coyote.AbstractProtocol.init Initializing ProtocolHandler ["http-nio-8080"]
15-Jan-2025 09:16:39.218 INFO [main] org.apache.catalina.startup.Catalina.load Server initialization in [777] milliseconds
15-Jan-2025 09:16:39.288 INFO [main] org.apache.catalina.core.StandardService.startInternal Starting service [Catalina]
15-Jan-2025 09:16:39.289 INFO [main] org.apache.catalina.core.StandardEngine.startInternal Starting Servlet engine: [Apache Tomcat/10.1.34]
15-Jan-2025 09:16:39.306 INFO [main] org.apache.catalina.startup.HostConfig.deployDescriptor Deploying deployment descriptor [C:\Users\imper\Documents\Java_Projects\RegistrationServletAndJDBCProj\conf\Catalina\localhost\RegistrationServletAndJDBCProj.xml]
15-Jan-2025 09:16:40.101 INFO [main] org.apache.jasper.servlet.TldScanner.scanJars At least one JAR was scanned for TLDs yet contained no TLDs. Enable debug logging for this logger for a complete list of JARs that were scanned but no TLDs were found in them. Skipping unneeded JARs during scanning can improve startup time and JSP compilation time.
15-Jan-2025 09:16:40.154 INFO [main] org.apache.catalina.startup.HostConfig.deployDescriptor Deployment of deployment descriptor [C:\Users\imper\Documents\Java_Projects\RegistrationServletAndJDBCProj\conf\Catalina\localhost\RegistrationServletAndJDBCProj.xml] has finished in [848] ms
15-Jan-2025 09:16:40.159 INFO [main] org.apache.coyote.AbstractProtocol.start Starting ProtocolHandler ["http-nio-8080"]
15-Jan-2025 09:16:40.186 INFO [main] org.apache.catalina.startup.Catalina.start Server startup in [966] milliseconds
15-Jan-2025 09:17:24.030 INFO [Thread-1] org.apache.coyote.AbstractProtocol.pause Pausing ProtocolHandler ["http-nio-8080"]
15-Jan-2025 09:17:24.036 INFO [Thread-1] org.apache.catalina.core.StandardService.stopInternal Stopping service [Catalina]
15-Jan-2025 09:17:24.051 WARNING [Thread-1] org.apache.catalina.loader.WebappClassLoaderBase.clearReferencesThreads The web application [RegistrationServletAndJDBCProj] appears to have started a thread named [mysql-cj-abandoned-connection-cleanup] but has failed to stop it. This is very likely to create a memory leak. Stack trace of thread:
 java.base/java.lang.System.currentTimeMillis(Native Method)
 org.apache.catalina.webresources.CachedResource.validateResource(CachedResource.java:104)
 org.apache.catalina.webresources.Cache.getResource(Cache.java:96)
 org.apache.catalina.webresources.StandardRoot.getResource(StandardRoot.java:211)
 org.apache.catalina.webresources.StandardRoot.getClassLoaderResource(StandardRoot.java:220)
 org.apache.catalina.loader.WebappClassLoaderBase.findResource(WebappClassLoaderBase.java:892)
 org.apache.catalina.loader.WebappClassLoaderBase.getResource(WebappClassLoaderBase.java:1006)
 com.mysql.cj.jdbc.AbandonedConnectionCleanupThread.checkThreadContextClassLoader(AbandonedConnectionCleanupThread.java:116)
 com.mysql.cj.jdbc.AbandonedConnectionCleanupThread.run(AbandonedConnectionCleanupThread.java:83)
 java.base/java.util.concurrent.ThreadPoolExecutor.runWorker(ThreadPoolExecutor.java:1144)
 java.base/java.util.concurrent.ThreadPoolExecutor$Worker.run(ThreadPoolExecutor.java:642)
 java.base/java.lang.Thread.run(Thread.java:1575)
15-Jan-2025 09:17:24.059 INFO [Thread-1] org.apache.coyote.AbstractProtocol.stop Stopping ProtocolHandler ["http-nio-8080"]
15-Jan-2025 09:17:24.066 INFO [Thread-1] org.apache.coyote.AbstractProtocol.destroy Destroying ProtocolHandler ["http-nio-8080"]
15-Jan-2025 09:17:25.692 INFO [main] org.apache.catalina.startup.VersionLoggerListener.log Server version name:   Apache Tomcat/10.1.34
15-Jan-2025 09:17:25.698 INFO [main] org.apache.catalina.startup.VersionLoggerListener.log Server built:          Dec 5 2024 16:01:16 UTC
15-Jan-2025 09:17:25.698 INFO [main] org.apache.catalina.startup.VersionLoggerListener.log Server version number: 10.1.34.0
15-Jan-2025 09:17:25.698 INFO [main] org.apache.catalina.startup.VersionLoggerListener.log OS Name:               Windows 11
15-Jan-2025 09:17:25.698 INFO [main] org.apache.catalina.startup.VersionLoggerListener.log OS Version:            10.0
15-Jan-2025 09:17:25.699 INFO [main] org.apache.catalina.startup.VersionLoggerListener.log Architecture:          amd64
15-Jan-2025 09:17:25.699 INFO [main] org.apache.catalina.startup.VersionLoggerListener.log Java Home:             C:\Users\imper\.jdks\openjdk-23.0.1
15-Jan-2025 09:17:25.699 INFO [main] org.apache.catalina.startup.VersionLoggerListener.log JVM Version:           23.0.1+11-39
15-Jan-2025 09:17:25.699 INFO [main] org.apache.catalina.startup.VersionLoggerListener.log JVM Vendor:            Oracle Corporation
15-Jan-2025 09:17:25.699 INFO [main] org.apache.catalina.startup.VersionLoggerListener.log CATALINA_BASE:         C:\Users\imper\Documents\Java_Projects\RegistrationServletAndJDBCProj
15-Jan-2025 09:17:25.699 INFO [main] org.apache.catalina.startup.VersionLoggerListener.log CATALINA_HOME:         C:\Users\imper\Downloads\apache-tomcat-10.1.34-windows-x64\apache-tomcat-10.1.34
15-Jan-2025 09:17:25.712 INFO [main] org.apache.catalina.startup.VersionLoggerListener.log Command line argument: --add-opens=java.base/java.lang=ALL-UNNAMED
15-Jan-2025 09:17:25.712 INFO [main] org.apache.catalina.startup.VersionLoggerListener.log Command line argument: --add-opens=java.base/java.io=ALL-UNNAMED
15-Jan-2025 09:17:25.712 INFO [main] org.apache.catalina.startup.VersionLoggerListener.log Command line argument: --add-opens=java.base/java.util=ALL-UNNAMED
15-Jan-2025 09:17:25.712 INFO [main] org.apache.catalina.startup.VersionLoggerListener.log Command line argument: --add-opens=java.base/java.util.concurrent=ALL-UNNAMED
15-Jan-2025 09:17:25.712 INFO [main] org.apache.catalina.startup.VersionLoggerListener.log Command line argument: --add-opens=java.rmi/sun.rmi.transport=ALL-UNNAMED
15-Jan-2025 09:17:25.712 INFO [main] org.apache.catalina.startup.VersionLoggerListener.log Command line argument: -Dcatalina.home=C:\Users\imper\Downloads\apache-tomcat-10.1.34-windows-x64\apache-tomcat-10.1.34
15-Jan-2025 09:17:25.713 INFO [main] org.apache.catalina.startup.VersionLoggerListener.log Command line argument: -Dcatalina.base=C:\Users\imper\Documents\Java_Projects\RegistrationServletAndJDBCProj
15-Jan-2025 09:17:25.713 INFO [main] org.apache.catalina.startup.VersionLoggerListener.log Command line argument: -Djava.io.tmpdir=C:\Users\imper\Documents\Java_Projects\RegistrationServletAndJDBCProj\temp
15-Jan-2025 09:17:25.713 INFO [main] org.apache.catalina.startup.VersionLoggerListener.log Command line argument: -Djava.util.logging.config.file=C:\Users\imper\Documents\Java_Projects\RegistrationServletAndJDBCProj\conf\logging.properties
15-Jan-2025 09:17:25.713 INFO [main] org.apache.catalina.startup.VersionLoggerListener.log Command line argument: -Djava.util.logging.manager=org.apache.juli.ClassLoaderLogManager
15-Jan-2025 09:17:25.713 INFO [main] org.apache.catalina.startup.VersionLoggerListener.log Command line argument: -javaagent:C:\Program Files\JetBrains\IntelliJ IDEA Community Edition 2024.3.1.1\lib\idea_rt.jar=50927:C:\Program Files\JetBrains\IntelliJ IDEA Community Edition 2024.3.1.1\bin
15-Jan-2025 09:17:25.713 INFO [main] org.apache.catalina.startup.VersionLoggerListener.log Command line argument: -Dfile.encoding=UTF-8
15-Jan-2025 09:17:25.714 INFO [main] org.apache.catalina.startup.VersionLoggerListener.log Command line argument: -Dsun.stdout.encoding=UTF-8
15-Jan-2025 09:17:25.714 INFO [main] org.apache.catalina.startup.VersionLoggerListener.log Command line argument: -Dsun.stderr.encoding=UTF-8
15-Jan-2025 09:17:25.716 INFO [main] org.apache.catalina.core.AprLifecycleListener.lifecycleEvent Loaded Apache Tomcat Native library [2.0.8] using APR version [1.7.4].
15-Jan-2025 09:17:25.723 INFO [main] org.apache.catalina.core.AprLifecycleListener.initializeSSL OpenSSL successfully initialized [OpenSSL 3.0.14 4 Jun 2024]
15-Jan-2025 09:17:26.134 INFO [main] org.apache.coyote.AbstractProtocol.init Initializing ProtocolHandler ["http-nio-8080"]
15-Jan-2025 09:17:26.155 INFO [main] org.apache.catalina.startup.Catalina.load Server initialization in [726] milliseconds
15-Jan-2025 09:17:26.215 INFO [main] org.apache.catalina.core.StandardService.startInternal Starting service [Catalina]
15-Jan-2025 09:17:26.215 INFO [main] org.apache.catalina.core.StandardEngine.startInternal Starting Servlet engine: [Apache Tomcat/10.1.34]
15-Jan-2025 09:17:26.232 INFO [main] org.apache.catalina.startup.HostConfig.deployDescriptor Deploying deployment descriptor [C:\Users\imper\Documents\Java_Projects\RegistrationServletAndJDBCProj\conf\Catalina\localhost\RegistrationServletAndJDBCProj.xml]
15-Jan-2025 09:17:27.011 INFO [main] org.apache.jasper.servlet.TldScanner.scanJars At least one JAR was scanned for TLDs yet contained no TLDs. Enable debug logging for this logger for a complete list of JARs that were scanned but no TLDs were found in them. Skipping unneeded JARs during scanning can improve startup time and JSP compilation time.
15-Jan-2025 09:17:27.068 INFO [main] org.apache.catalina.startup.HostConfig.deployDescriptor Deployment of deployment descriptor [C:\Users\imper\Documents\Java_Projects\RegistrationServletAndJDBCProj\conf\Catalina\localhost\RegistrationServletAndJDBCProj.xml] has finished in [835] ms
15-Jan-2025 09:17:27.074 INFO [main] org.apache.coyote.AbstractProtocol.start Starting ProtocolHandler ["http-nio-8080"]
15-Jan-2025 09:17:27.101 INFO [main] org.apache.catalina.startup.Catalina.start Server startup in [944] milliseconds
15-Jan-2025 09:17:55.598 INFO [Thread-1] org.apache.coyote.AbstractProtocol.pause Pausing ProtocolHandler ["http-nio-8080"]
15-Jan-2025 09:17:55.603 INFO [Thread-1] org.apache.catalina.core.StandardService.stopInternal Stopping service [Catalina]
15-Jan-2025 09:17:55.622 WARNING [Thread-1] org.apache.catalina.loader.WebappClassLoaderBase.clearReferencesThreads The web application [RegistrationServletAndJDBCProj] appears to have started a thread named [mysql-cj-abandoned-connection-cleanup] but has failed to stop it. This is very likely to create a memory leak. Stack trace of thread:
 java.base/java.io.WinNTFileSystem.canonicalize0(Native Method)
 java.base/java.io.WinNTFileSystem.canonicalize(WinNTFileSystem.java:493)
 java.base/java.io.File.getCanonicalPath(File.java:626)
 org.apache.catalina.webresources.AbstractFileResourceSet.file(AbstractFileResourceSet.java:94)
 org.apache.catalina.webresources.DirResourceSet.getResource(DirResourceSet.java:112)
 org.apache.catalina.webresources.StandardRoot.getResourceInternal(StandardRoot.java:272)
 org.apache.catalina.webresources.CachedResource.validateResource(CachedResource.java:109)
 org.apache.catalina.webresources.Cache.getResource(Cache.java:96)
 org.apache.catalina.webresources.StandardRoot.getResource(StandardRoot.java:211)
 org.apache.catalina.webresources.StandardRoot.getClassLoaderResource(StandardRoot.java:220)
 org.apache.catalina.loader.WebappClassLoaderBase.findResource(WebappClassLoaderBase.java:892)
 org.apache.catalina.loader.WebappClassLoaderBase.getResource(WebappClassLoaderBase.java:1006)
 com.mysql.cj.jdbc.AbandonedConnectionCleanupThread.checkThreadContextClassLoader(AbandonedConnectionCleanupThread.java:116)
 com.mysql.cj.jdbc.AbandonedConnectionCleanupThread.run(AbandonedConnectionCleanupThread.java:83)
 java.base/java.util.concurrent.ThreadPoolExecutor.runWorker(ThreadPoolExecutor.java:1144)
 java.base/java.util.concurrent.ThreadPoolExecutor$Worker.run(ThreadPoolExecutor.java:642)
 java.base/java.lang.Thread.run(Thread.java:1575)
15-Jan-2025 09:17:55.627 INFO [Thread-1] org.apache.coyote.AbstractProtocol.stop Stopping ProtocolHandler ["http-nio-8080"]
15-Jan-2025 09:17:55.640 INFO [Thread-1] org.apache.coyote.AbstractProtocol.destroy Destroying ProtocolHandler ["http-nio-8080"]
15-Jan-2025 09:17:57.266 INFO [main] org.apache.catalina.startup.VersionLoggerListener.log Server version name:   Apache Tomcat/10.1.34
15-Jan-2025 09:17:57.271 INFO [main] org.apache.catalina.startup.VersionLoggerListener.log Server built:          Dec 5 2024 16:01:16 UTC
15-Jan-2025 09:17:57.271 INFO [main] org.apache.catalina.startup.VersionLoggerListener.log Server version number: 10.1.34.0
15-Jan-2025 09:17:57.271 INFO [main] org.apache.catalina.startup.VersionLoggerListener.log OS Name:               Windows 11
15-Jan-2025 09:17:57.271 INFO [main] org.apache.catalina.startup.VersionLoggerListener.log OS Version:            10.0
15-Jan-2025 09:17:57.272 INFO [main] org.apache.catalina.startup.VersionLoggerListener.log Architecture:          amd64
15-Jan-2025 09:17:57.272 INFO [main] org.apache.catalina.startup.VersionLoggerListener.log Java Home:             C:\Users\imper\.jdks\openjdk-23.0.1
15-Jan-2025 09:17:57.272 INFO [main] org.apache.catalina.startup.VersionLoggerListener.log JVM Version:           23.0.1+11-39
15-Jan-2025 09:17:57.272 INFO [main] org.apache.catalina.startup.VersionLoggerListener.log JVM Vendor:            Oracle Corporation
15-Jan-2025 09:17:57.272 INFO [main] org.apache.catalina.startup.VersionLoggerListener.log CATALINA_BASE:         C:\Users\imper\Documents\Java_Projects\RegistrationServletAndJDBCProj
15-Jan-2025 09:17:57.272 INFO [main] org.apache.catalina.startup.VersionLoggerListener.log CATALINA_HOME:         C:\Users\imper\Downloads\apache-tomcat-10.1.34-windows-x64\apache-tomcat-10.1.34
15-Jan-2025 09:17:57.283 INFO [main] org.apache.catalina.startup.VersionLoggerListener.log Command line argument: --add-opens=java.base/java.lang=ALL-UNNAMED
15-Jan-2025 09:17:57.284 INFO [main] org.apache.catalina.startup.VersionLoggerListener.log Command line argument: --add-opens=java.base/java.io=ALL-UNNAMED
15-Jan-2025 09:17:57.284 INFO [main] org.apache.catalina.startup.VersionLoggerListener.log Command line argument: --add-opens=java.base/java.util=ALL-UNNAMED
15-Jan-2025 09:17:57.284 INFO [main] org.apache.catalina.startup.VersionLoggerListener.log Command line argument: --add-opens=java.base/java.util.concurrent=ALL-UNNAMED
15-Jan-2025 09:17:57.284 INFO [main] org.apache.catalina.startup.VersionLoggerListener.log Command line argument: --add-opens=java.rmi/sun.rmi.transport=ALL-UNNAMED
15-Jan-2025 09:17:57.284 INFO [main] org.apache.catalina.startup.VersionLoggerListener.log Command line argument: -Dcatalina.home=C:\Users\imper\Downloads\apache-tomcat-10.1.34-windows-x64\apache-tomcat-10.1.34
15-Jan-2025 09:17:57.284 INFO [main] org.apache.catalina.startup.VersionLoggerListener.log Command line argument: -Dcatalina.base=C:\Users\imper\Documents\Java_Projects\RegistrationServletAndJDBCProj
15-Jan-2025 09:17:57.285 INFO [main] org.apache.catalina.startup.VersionLoggerListener.log Command line argument: -Djava.io.tmpdir=C:\Users\imper\Documents\Java_Projects\RegistrationServletAndJDBCProj\temp
15-Jan-2025 09:17:57.285 INFO [main] org.apache.catalina.startup.VersionLoggerListener.log Command line argument: -Djava.util.logging.config.file=C:\Users\imper\Documents\Java_Projects\RegistrationServletAndJDBCProj\conf\logging.properties
15-Jan-2025 09:17:57.285 INFO [main] org.apache.catalina.startup.VersionLoggerListener.log Command line argument: -Djava.util.logging.manager=org.apache.juli.ClassLoaderLogManager
15-Jan-2025 09:17:57.285 INFO [main] org.apache.catalina.startup.VersionLoggerListener.log Command line argument: -javaagent:C:\Program Files\JetBrains\IntelliJ IDEA Community Edition 2024.3.1.1\lib\idea_rt.jar=50934:C:\Program Files\JetBrains\IntelliJ IDEA Community Edition 2024.3.1.1\bin
15-Jan-2025 09:17:57.285 INFO [main] org.apache.catalina.startup.VersionLoggerListener.log Command line argument: -Dfile.encoding=UTF-8
15-Jan-2025 09:17:57.285 INFO [main] org.apache.catalina.startup.VersionLoggerListener.log Command line argument: -Dsun.stdout.encoding=UTF-8
15-Jan-2025 09:17:57.285 INFO [main] org.apache.catalina.startup.VersionLoggerListener.log Command line argument: -Dsun.stderr.encoding=UTF-8
15-Jan-2025 09:17:57.288 INFO [main] org.apache.catalina.core.AprLifecycleListener.lifecycleEvent Loaded Apache Tomcat Native library [2.0.8] using APR version [1.7.4].
15-Jan-2025 09:17:57.294 INFO [main] org.apache.catalina.core.AprLifecycleListener.initializeSSL OpenSSL successfully initialized [OpenSSL 3.0.14 4 Jun 2024]
15-Jan-2025 09:17:57.693 INFO [main] org.apache.coyote.AbstractProtocol.init Initializing ProtocolHandler ["http-nio-8080"]
15-Jan-2025 09:17:57.710 INFO [main] org.apache.catalina.startup.Catalina.load Server initialization in [705] milliseconds
15-Jan-2025 09:17:57.780 INFO [main] org.apache.catalina.core.StandardService.startInternal Starting service [Catalina]
15-Jan-2025 09:17:57.780 INFO [main] org.apache.catalina.core.StandardEngine.startInternal Starting Servlet engine: [Apache Tomcat/10.1.34]
15-Jan-2025 09:17:57.799 INFO [main] org.apache.catalina.startup.HostConfig.deployDescriptor Deploying deployment descriptor [C:\Users\imper\Documents\Java_Projects\RegistrationServletAndJDBCProj\conf\Catalina\localhost\RegistrationServletAndJDBCProj.xml]
15-Jan-2025 09:17:58.565 INFO [main] org.apache.jasper.servlet.TldScanner.scanJars At least one JAR was scanned for TLDs yet contained no TLDs. Enable debug logging for this logger for a complete list of JARs that were scanned but no TLDs were found in them. Skipping unneeded JARs during scanning can improve startup time and JSP compilation time.
15-Jan-2025 09:17:58.621 INFO [main] org.apache.catalina.startup.HostConfig.deployDescriptor Deployment of deployment descriptor [C:\Users\imper\Documents\Java_Projects\RegistrationServletAndJDBCProj\conf\Catalina\localhost\RegistrationServletAndJDBCProj.xml] has finished in [822] ms
15-Jan-2025 09:17:58.626 INFO [main] org.apache.coyote.AbstractProtocol.start Starting ProtocolHandler ["http-nio-8080"]
15-Jan-2025 09:17:58.654 INFO [main] org.apache.catalina.startup.Catalina.start Server startup in [941] milliseconds
15-Jan-2025 09:21:17.077 INFO [Thread-1] org.apache.coyote.AbstractProtocol.pause Pausing ProtocolHandler ["http-nio-8080"]
15-Jan-2025 09:21:17.083 INFO [Thread-1] org.apache.catalina.core.StandardService.stopInternal Stopping service [Catalina]
15-Jan-2025 09:21:17.101 WARNING [Thread-1] org.apache.catalina.loader.WebappClassLoaderBase.clearReferencesThreads The web application [RegistrationServletAndJDBCProj] appears to have started a thread named [mysql-cj-abandoned-connection-cleanup] but has failed to stop it. This is very likely to create a memory leak. Stack trace of thread:
 java.base/java.io.WinNTFileSystem.canonicalize0(Native Method)
 java.base/java.io.WinNTFileSystem.canonicalize(WinNTFileSystem.java:493)
 java.base/java.io.File.getCanonicalPath(File.java:626)
 org.apache.catalina.webresources.AbstractFileResourceSet.file(AbstractFileResourceSet.java:94)
 org.apache.catalina.webresources.DirResourceSet.getResource(DirResourceSet.java:112)
 org.apache.catalina.webresources.StandardRoot.getResourceInternal(StandardRoot.java:272)
 org.apache.catalina.webresources.CachedResource.validateResource(CachedResource.java:109)
 org.apache.catalina.webresources.Cache.getResource(Cache.java:96)
 org.apache.catalina.webresources.StandardRoot.getResource(StandardRoot.java:211)
 org.apache.catalina.webresources.StandardRoot.getClassLoaderResource(StandardRoot.java:220)
 org.apache.catalina.loader.WebappClassLoaderBase.findResource(WebappClassLoaderBase.java:892)
 org.apache.catalina.loader.WebappClassLoaderBase.getResource(WebappClassLoaderBase.java:1006)
 com.mysql.cj.jdbc.AbandonedConnectionCleanupThread.checkThreadContextClassLoader(AbandonedConnectionCleanupThread.java:116)
 com.mysql.cj.jdbc.AbandonedConnectionCleanupThread.run(AbandonedConnectionCleanupThread.java:83)
 java.base/java.util.concurrent.ThreadPoolExecutor.runWorker(ThreadPoolExecutor.java:1144)
 java.base/java.util.concurrent.ThreadPoolExecutor$Worker.run(ThreadPoolExecutor.java:642)
 java.base/java.lang.Thread.run(Thread.java:1575)
15-Jan-2025 09:21:17.108 INFO [Thread-1] org.apache.coyote.AbstractProtocol.stop Stopping ProtocolHandler ["http-nio-8080"]
15-Jan-2025 09:21:17.117 INFO [Thread-1] org.apache.coyote.AbstractProtocol.destroy Destroying ProtocolHandler ["http-nio-8080"]
15-Jan-2025 09:22:40.330 INFO [main] org.apache.catalina.startup.VersionLoggerListener.log Server version name:   Apache Tomcat/10.1.34
15-Jan-2025 09:22:40.335 INFO [main] org.apache.catalina.startup.VersionLoggerListener.log Server built:          Dec 5 2024 16:01:16 UTC
15-Jan-2025 09:22:40.335 INFO [main] org.apache.catalina.startup.VersionLoggerListener.log Server version number: 10.1.34.0
15-Jan-2025 09:22:40.335 INFO [main] org.apache.catalina.startup.VersionLoggerListener.log OS Name:               Windows 11
15-Jan-2025 09:22:40.335 INFO [main] org.apache.catalina.startup.VersionLoggerListener.log OS Version:            10.0
15-Jan-2025 09:22:40.335 INFO [main] org.apache.catalina.startup.VersionLoggerListener.log Architecture:          amd64
15-Jan-2025 09:22:40.335 INFO [main] org.apache.catalina.startup.VersionLoggerListener.log Java Home:             C:\Users\imper\.jdks\openjdk-23.0.1
15-Jan-2025 09:22:40.335 INFO [main] org.apache.catalina.startup.VersionLoggerListener.log JVM Version:           23.0.1+11-39
15-Jan-2025 09:22:40.335 INFO [main] org.apache.catalina.startup.VersionLoggerListener.log JVM Vendor:            Oracle Corporation
15-Jan-2025 09:22:40.335 INFO [main] org.apache.catalina.startup.VersionLoggerListener.log CATALINA_BASE:         C:\Users\imper\Documents\Java_Projects\RegistrationServletAndJDBCProj
15-Jan-2025 09:22:40.335 INFO [main] org.apache.catalina.startup.VersionLoggerListener.log CATALINA_HOME:         C:\Users\imper\Downloads\apache-tomcat-10.1.34-windows-x64\apache-tomcat-10.1.34
15-Jan-2025 09:22:40.352 INFO [main] org.apache.catalina.startup.VersionLoggerListener.log Command line argument: --add-opens=java.base/java.lang=ALL-UNNAMED
15-Jan-2025 09:22:40.352 INFO [main] org.apache.catalina.startup.VersionLoggerListener.log Command line argument: --add-opens=java.base/java.io=ALL-UNNAMED
15-Jan-2025 09:22:40.352 INFO [main] org.apache.catalina.startup.VersionLoggerListener.log Command line argument: --add-opens=java.base/java.util=ALL-UNNAMED
15-Jan-2025 09:22:40.352 INFO [main] org.apache.catalina.startup.VersionLoggerListener.log Command line argument: --add-opens=java.base/java.util.concurrent=ALL-UNNAMED
15-Jan-2025 09:22:40.352 INFO [main] org.apache.catalina.startup.VersionLoggerListener.log Command line argument: --add-opens=java.rmi/sun.rmi.transport=ALL-UNNAMED
15-Jan-2025 09:22:40.352 INFO [main] org.apache.catalina.startup.VersionLoggerListener.log Command line argument: -Dcatalina.home=C:\Users\imper\Downloads\apache-tomcat-10.1.34-windows-x64\apache-tomcat-10.1.34
15-Jan-2025 09:22:40.352 INFO [main] org.apache.catalina.startup.VersionLoggerListener.log Command line argument: -Dcatalina.base=C:\Users\imper\Documents\Java_Projects\RegistrationServletAndJDBCProj
15-Jan-2025 09:22:40.352 INFO [main] org.apache.catalina.startup.VersionLoggerListener.log Command line argument: -Djava.io.tmpdir=C:\Users\imper\Documents\Java_Projects\RegistrationServletAndJDBCProj\temp
15-Jan-2025 09:22:40.352 INFO [main] org.apache.catalina.startup.VersionLoggerListener.log Command line argument: -Djava.util.logging.config.file=C:\Users\imper\Documents\Java_Projects\RegistrationServletAndJDBCProj\conf\logging.properties
15-Jan-2025 09:22:40.352 INFO [main] org.apache.catalina.startup.VersionLoggerListener.log Command line argument: -Djava.util.logging.manager=org.apache.juli.ClassLoaderLogManager
15-Jan-2025 09:22:40.352 INFO [main] org.apache.catalina.startup.VersionLoggerListener.log Command line argument: -javaagent:C:\Program Files\JetBrains\IntelliJ IDEA Community Edition 2024.3.1.1\lib\idea_rt.jar=50992:C:\Program Files\JetBrains\IntelliJ IDEA Community Edition 2024.3.1.1\bin
15-Jan-2025 09:22:40.352 INFO [main] org.apache.catalina.startup.VersionLoggerListener.log Command line argument: -Dfile.encoding=UTF-8
15-Jan-2025 09:22:40.352 INFO [main] org.apache.catalina.startup.VersionLoggerListener.log Command line argument: -Dsun.stdout.encoding=UTF-8
15-Jan-2025 09:22:40.352 INFO [main] org.apache.catalina.startup.VersionLoggerListener.log Command line argument: -Dsun.stderr.encoding=UTF-8
15-Jan-2025 09:22:40.357 INFO [main] org.apache.catalina.core.AprLifecycleListener.lifecycleEvent Loaded Apache Tomcat Native library [2.0.8] using APR version [1.7.4].
15-Jan-2025 09:22:40.363 INFO [main] org.apache.catalina.core.AprLifecycleListener.initializeSSL OpenSSL successfully initialized [OpenSSL 3.0.14 4 Jun 2024]
15-Jan-2025 09:22:40.854 INFO [main] org.apache.coyote.AbstractProtocol.init Initializing ProtocolHandler ["http-nio-8080"]
15-Jan-2025 09:22:40.877 INFO [main] org.apache.catalina.startup.Catalina.load Server initialization in [807] milliseconds
15-Jan-2025 09:22:40.950 INFO [main] org.apache.catalina.core.StandardService.startInternal Starting service [Catalina]
15-Jan-2025 09:22:40.950 INFO [main] org.apache.catalina.core.StandardEngine.startInternal Starting Servlet engine: [Apache Tomcat/10.1.34]
15-Jan-2025 09:22:40.968 INFO [main] org.apache.catalina.startup.HostConfig.deployDescriptor Deploying deployment descriptor [C:\Users\imper\Documents\Java_Projects\RegistrationServletAndJDBCProj\conf\Catalina\localhost\RegistrationServletAndJDBCProj.xml]
15-Jan-2025 09:22:41.750 INFO [main] org.apache.jasper.servlet.TldScanner.scanJars At least one JAR was scanned for TLDs yet contained no TLDs. Enable debug logging for this logger for a complete list of JARs that were scanned but no TLDs were found in them. Skipping unneeded JARs during scanning can improve startup time and JSP compilation time.
15-Jan-2025 09:22:41.816 INFO [main] org.apache.catalina.startup.HostConfig.deployDescriptor Deployment of deployment descriptor [C:\Users\imper\Documents\Java_Projects\RegistrationServletAndJDBCProj\conf\Catalina\localhost\RegistrationServletAndJDBCProj.xml] has finished in [847] ms
15-Jan-2025 09:22:41.821 INFO [main] org.apache.coyote.AbstractProtocol.start Starting ProtocolHandler ["http-nio-8080"]
15-Jan-2025 09:22:41.846 INFO [main] org.apache.catalina.startup.Catalina.start Server startup in [964] milliseconds
15-Jan-2025 09:24:13.622 INFO [Thread-1] org.apache.coyote.AbstractProtocol.pause Pausing ProtocolHandler ["http-nio-8080"]
15-Jan-2025 09:24:13.629 INFO [Thread-1] org.apache.catalina.core.StandardService.stopInternal Stopping service [Catalina]
15-Jan-2025 09:24:13.649 WARNING [Thread-1] org.apache.catalina.loader.WebappClassLoaderBase.clearReferencesThreads The web application [RegistrationServletAndJDBCProj] appears to have started a thread named [mysql-cj-abandoned-connection-cleanup] but has failed to stop it. This is very likely to create a memory leak. Stack trace of thread:
 java.base/java.io.WinNTFileSystem.canonicalize0(Native Method)
 java.base/java.io.WinNTFileSystem.canonicalize(WinNTFileSystem.java:493)
 java.base/java.io.File.getCanonicalPath(File.java:626)
 org.apache.catalina.webresources.AbstractFileResourceSet.file(AbstractFileResourceSet.java:94)
 org.apache.catalina.webresources.DirResourceSet.getResource(DirResourceSet.java:112)
 org.apache.catalina.webresources.StandardRoot.getResourceInternal(StandardRoot.java:272)
 org.apache.catalina.webresources.CachedResource.validateResource(CachedResource.java:109)
 org.apache.catalina.webresources.Cache.getResource(Cache.java:96)
 org.apache.catalina.webresources.StandardRoot.getResource(StandardRoot.java:211)
 org.apache.catalina.webresources.StandardRoot.getClassLoaderResource(StandardRoot.java:220)
 org.apache.catalina.loader.WebappClassLoaderBase.findResource(WebappClassLoaderBase.java:892)
 org.apache.catalina.loader.WebappClassLoaderBase.getResource(WebappClassLoaderBase.java:1006)
 com.mysql.cj.jdbc.AbandonedConnectionCleanupThread.checkThreadContextClassLoader(AbandonedConnectionCleanupThread.java:116)
 com.mysql.cj.jdbc.AbandonedConnectionCleanupThread.run(AbandonedConnectionCleanupThread.java:83)
 java.base/java.util.concurrent.ThreadPoolExecutor.runWorker(ThreadPoolExecutor.java:1144)
 java.base/java.util.concurrent.ThreadPoolExecutor$Worker.run(ThreadPoolExecutor.java:642)
 java.base/java.lang.Thread.run(Thread.java:1575)
15-Jan-2025 09:24:13.656 INFO [Thread-1] org.apache.coyote.AbstractProtocol.stop Stopping ProtocolHandler ["http-nio-8080"]
15-Jan-2025 09:24:13.667 INFO [Thread-1] org.apache.coyote.AbstractProtocol.destroy Destroying ProtocolHandler ["http-nio-8080"]
15-Jan-2025 09:24:15.332 INFO [main] org.apache.catalina.startup.VersionLoggerListener.log Server version name:   Apache Tomcat/10.1.34
15-Jan-2025 09:24:15.339 INFO [main] org.apache.catalina.startup.VersionLoggerListener.log Server built:          Dec 5 2024 16:01:16 UTC
15-Jan-2025 09:24:15.339 INFO [main] org.apache.catalina.startup.VersionLoggerListener.log Server version number: 10.1.34.0
15-Jan-2025 09:24:15.339 INFO [main] org.apache.catalina.startup.VersionLoggerListener.log OS Name:               Windows 11
15-Jan-2025 09:24:15.339 INFO [main] org.apache.catalina.startup.VersionLoggerListener.log OS Version:            10.0
15-Jan-2025 09:24:15.339 INFO [main] org.apache.catalina.startup.VersionLoggerListener.log Architecture:          amd64
15-Jan-2025 09:24:15.339 INFO [main] org.apache.catalina.startup.VersionLoggerListener.log Java Home:             C:\Users\imper\.jdks\openjdk-23.0.1
15-Jan-2025 09:24:15.340 INFO [main] org.apache.catalina.startup.VersionLoggerListener.log JVM Version:           23.0.1+11-39
15-Jan-2025 09:24:15.340 INFO [main] org.apache.catalina.startup.VersionLoggerListener.log JVM Vendor:            Oracle Corporation
15-Jan-2025 09:24:15.340 INFO [main] org.apache.catalina.startup.VersionLoggerListener.log CATALINA_BASE:         C:\Users\imper\Documents\Java_Projects\RegistrationServletAndJDBCProj
15-Jan-2025 09:24:15.340 INFO [main] org.apache.catalina.startup.VersionLoggerListener.log CATALINA_HOME:         C:\Users\imper\Downloads\apache-tomcat-10.1.34-windows-x64\apache-tomcat-10.1.34
15-Jan-2025 09:24:15.353 INFO [main] org.apache.catalina.startup.VersionLoggerListener.log Command line argument: --add-opens=java.base/java.lang=ALL-UNNAMED
15-Jan-2025 09:24:15.355 INFO [main] org.apache.catalina.startup.VersionLoggerListener.log Command line argument: --add-opens=java.base/java.io=ALL-UNNAMED
15-Jan-2025 09:24:15.355 INFO [main] org.apache.catalina.startup.VersionLoggerListener.log Command line argument: --add-opens=java.base/java.util=ALL-UNNAMED
15-Jan-2025 09:24:15.355 INFO [main] org.apache.catalina.startup.VersionLoggerListener.log Command line argument: --add-opens=java.base/java.util.concurrent=ALL-UNNAMED
15-Jan-2025 09:24:15.355 INFO [main] org.apache.catalina.startup.VersionLoggerListener.log Command line argument: --add-opens=java.rmi/sun.rmi.transport=ALL-UNNAMED
15-Jan-2025 09:24:15.355 INFO [main] org.apache.catalina.startup.VersionLoggerListener.log Command line argument: -Dcatalina.home=C:\Users\imper\Downloads\apache-tomcat-10.1.34-windows-x64\apache-tomcat-10.1.34
15-Jan-2025 09:24:15.355 INFO [main] org.apache.catalina.startup.VersionLoggerListener.log Command line argument: -Dcatalina.base=C:\Users\imper\Documents\Java_Projects\RegistrationServletAndJDBCProj
15-Jan-2025 09:24:15.355 INFO [main] org.apache.catalina.startup.VersionLoggerListener.log Command line argument: -Djava.io.tmpdir=C:\Users\imper\Documents\Java_Projects\RegistrationServletAndJDBCProj\temp
15-Jan-2025 09:24:15.356 INFO [main] org.apache.catalina.startup.VersionLoggerListener.log Command line argument: -Djava.util.logging.config.file=C:\Users\imper\Documents\Java_Projects\RegistrationServletAndJDBCProj\conf\logging.properties
15-Jan-2025 09:24:15.356 INFO [main] org.apache.catalina.startup.VersionLoggerListener.log Command line argument: -Djava.util.logging.manager=org.apache.juli.ClassLoaderLogManager
15-Jan-2025 09:24:15.356 INFO [main] org.apache.catalina.startup.VersionLoggerListener.log Command line argument: -javaagent:C:\Program Files\JetBrains\IntelliJ IDEA Community Edition 2024.3.1.1\lib\idea_rt.jar=51014:C:\Program Files\JetBrains\IntelliJ IDEA Community Edition 2024.3.1.1\bin
15-Jan-2025 09:24:15.356 INFO [main] org.apache.catalina.startup.VersionLoggerListener.log Command line argument: -Dfile.encoding=UTF-8
15-Jan-2025 09:24:15.356 INFO [main] org.apache.catalina.startup.VersionLoggerListener.log Command line argument: -Dsun.stdout.encoding=UTF-8
15-Jan-2025 09:24:15.356 INFO [main] org.apache.catalina.startup.VersionLoggerListener.log Command line argument: -Dsun.stderr.encoding=UTF-8
15-Jan-2025 09:24:15.360 INFO [main] org.apache.catalina.core.AprLifecycleListener.lifecycleEvent Loaded Apache Tomcat Native library [2.0.8] using APR version [1.7.4].
15-Jan-2025 09:24:15.366 INFO [main] org.apache.catalina.core.AprLifecycleListener.initializeSSL OpenSSL successfully initialized [OpenSSL 3.0.14 4 Jun 2024]
15-Jan-2025 09:24:15.865 INFO [main] org.apache.coyote.AbstractProtocol.init Initializing ProtocolHandler ["http-nio-8080"]
15-Jan-2025 09:24:15.901 INFO [main] org.apache.catalina.startup.Catalina.load Server initialization in [881] milliseconds
15-Jan-2025 09:24:15.972 INFO [main] org.apache.catalina.core.StandardService.startInternal Starting service [Catalina]
15-Jan-2025 09:24:15.973 INFO [main] org.apache.catalina.core.StandardEngine.startInternal Starting Servlet engine: [Apache Tomcat/10.1.34]
15-Jan-2025 09:24:15.991 INFO [main] org.apache.catalina.startup.HostConfig.deployDescriptor Deploying deployment descriptor [C:\Users\imper\Documents\Java_Projects\RegistrationServletAndJDBCProj\conf\Catalina\localhost\RegistrationServletAndJDBCProj.xml]
15-Jan-2025 09:24:16.976 INFO [main] org.apache.jasper.servlet.TldScanner.scanJars At least one JAR was scanned for TLDs yet contained no TLDs. Enable debug logging for this logger for a complete list of JARs that were scanned but no TLDs were found in them. Skipping unneeded JARs during scanning can improve startup time and JSP compilation time.
15-Jan-2025 09:24:17.038 INFO [main] org.apache.catalina.startup.HostConfig.deployDescriptor Deployment of deployment descriptor [C:\Users\imper\Documents\Java_Projects\RegistrationServletAndJDBCProj\conf\Catalina\localhost\RegistrationServletAndJDBCProj.xml] has finished in [1,046] ms
15-Jan-2025 09:24:17.045 INFO [main] org.apache.coyote.AbstractProtocol.start Starting ProtocolHandler ["http-nio-8080"]
15-Jan-2025 09:24:17.071 INFO [main] org.apache.catalina.startup.Catalina.start Server startup in [1167] milliseconds
15-Jan-2025 09:24:57.080 INFO [Catalina-utility-1] org.apache.catalina.startup.HostConfig.reload Reloading context [/RegistrationServletAndJDBCProj]
15-Jan-2025 09:24:57.080 INFO [Catalina-utility-1] org.apache.catalina.core.StandardContext.reload Reloading Context with name [/RegistrationServletAndJDBCProj] has started
15-Jan-2025 09:24:57.097 WARNING [Catalina-utility-1] org.apache.catalina.loader.WebappClassLoaderBase.clearReferencesThreads The web application [RegistrationServletAndJDBCProj] appears to have started a thread named [mysql-cj-abandoned-connection-cleanup] but has failed to stop it. This is very likely to create a memory leak. Stack trace of thread:
 com.mysql.cj.jdbc.AbandonedConnectionCleanupThread.checkThreadContextClassLoader(AbandonedConnectionCleanupThread.java:116)
 com.mysql.cj.jdbc.AbandonedConnectionCleanupThread.run(AbandonedConnectionCleanupThread.java:83)
 java.base/java.util.concurrent.ThreadPoolExecutor.runWorker(ThreadPoolExecutor.java:1144)
 java.base/java.util.concurrent.ThreadPoolExecutor$Worker.run(ThreadPoolExecutor.java:642)
 java.base/java.lang.Thread.run(Thread.java:1575)
15-Jan-2025 09:24:57.476 INFO [Catalina-utility-1] org.apache.jasper.servlet.TldScanner.scanJars At least one JAR was scanned for TLDs yet contained no TLDs. Enable debug logging for this logger for a complete list of JARs that were scanned but no TLDs were found in them. Skipping unneeded JARs during scanning can improve startup time and JSP compilation time.
15-Jan-2025 09:24:57.479 INFO [Catalina-utility-1] org.apache.catalina.core.StandardContext.reload Reloading Context with name [/RegistrationServletAndJDBCProj] is completed
15-Jan-2025 09:24:58.592 INFO [Thread-1] org.apache.coyote.AbstractProtocol.pause Pausing ProtocolHandler ["http-nio-8080"]
15-Jan-2025 09:24:58.600 INFO [Thread-1] org.apache.catalina.core.StandardService.stopInternal Stopping service [Catalina]
15-Jan-2025 09:24:58.612 WARNING [Thread-1] org.apache.catalina.loader.WebappClassLoaderBase.clearReferencesThreads The web application [RegistrationServletAndJDBCProj] appears to have started a thread named [mysql-cj-abandoned-connection-cleanup] but has failed to stop it. This is very likely to create a memory leak. Stack trace of thread:
 java.base/java.util.concurrent.ThreadPoolExecutor$Worker.tryRelease(ThreadPoolExecutor.java:663)
 java.base/java.util.concurrent.locks.AbstractQueuedSynchronizer.release(AbstractQueuedSynchronizer.java:1059)
 java.base/java.util.concurrent.ThreadPoolExecutor$Worker.unlock(ThreadPoolExecutor.java:670)
 java.base/java.util.concurrent.ThreadPoolExecutor.runWorker(ThreadPoolExecutor.java:1127)
 java.base/java.util.concurrent.ThreadPoolExecutor$Worker.run(ThreadPoolExecutor.java:642)
 java.base/java.lang.Thread.run(Thread.java:1575)
15-Jan-2025 09:24:58.614 INFO [Thread-1] org.apache.coyote.AbstractProtocol.stop Stopping ProtocolHandler ["http-nio-8080"]
15-Jan-2025 09:24:58.630 INFO [Thread-1] org.apache.coyote.AbstractProtocol.destroy Destroying ProtocolHandler ["http-nio-8080"]
15-Jan-2025 09:25:00.248 INFO [main] org.apache.catalina.startup.VersionLoggerListener.log Server version name:   Apache Tomcat/10.1.34
15-Jan-2025 09:25:00.253 INFO [main] org.apache.catalina.startup.VersionLoggerListener.log Server built:          Dec 5 2024 16:01:16 UTC
15-Jan-2025 09:25:00.253 INFO [main] org.apache.catalina.startup.VersionLoggerListener.log Server version number: 10.1.34.0
15-Jan-2025 09:25:00.253 INFO [main] org.apache.catalina.startup.VersionLoggerListener.log OS Name:               Windows 11
15-Jan-2025 09:25:00.253 INFO [main] org.apache.catalina.startup.VersionLoggerListener.log OS Version:            10.0
15-Jan-2025 09:25:00.254 INFO [main] org.apache.catalina.startup.VersionLoggerListener.log Architecture:          amd64
15-Jan-2025 09:25:00.254 INFO [main] org.apache.catalina.startup.VersionLoggerListener.log Java Home:             C:\Users\imper\.jdks\openjdk-23.0.1
15-Jan-2025 09:25:00.254 INFO [main] org.apache.catalina.startup.VersionLoggerListener.log JVM Version:           23.0.1+11-39
15-Jan-2025 09:25:00.254 INFO [main] org.apache.catalina.startup.VersionLoggerListener.log JVM Vendor:            Oracle Corporation
15-Jan-2025 09:25:00.254 INFO [main] org.apache.catalina.startup.VersionLoggerListener.log CATALINA_BASE:         C:\Users\imper\Documents\Java_Projects\RegistrationServletAndJDBCProj
15-Jan-2025 09:25:00.254 INFO [main] org.apache.catalina.startup.VersionLoggerListener.log CATALINA_HOME:         C:\Users\imper\Downloads\apache-tomcat-10.1.34-windows-x64\apache-tomcat-10.1.34
15-Jan-2025 09:25:00.266 INFO [main] org.apache.catalina.startup.VersionLoggerListener.log Command line argument: --add-opens=java.base/java.lang=ALL-UNNAMED
15-Jan-2025 09:25:00.267 INFO [main] org.apache.catalina.startup.VersionLoggerListener.log Command line argument: --add-opens=java.base/java.io=ALL-UNNAMED
15-Jan-2025 09:25:00.267 INFO [main] org.apache.catalina.startup.VersionLoggerListener.log Command line argument: --add-opens=java.base/java.util=ALL-UNNAMED
15-Jan-2025 09:25:00.267 INFO [main] org.apache.catalina.startup.VersionLoggerListener.log Command line argument: --add-opens=java.base/java.util.concurrent=ALL-UNNAMED
15-Jan-2025 09:25:00.267 INFO [main] org.apache.catalina.startup.VersionLoggerListener.log Command line argument: --add-opens=java.rmi/sun.rmi.transport=ALL-UNNAMED
15-Jan-2025 09:25:00.267 INFO [main] org.apache.catalina.startup.VersionLoggerListener.log Command line argument: -Dcatalina.home=C:\Users\imper\Downloads\apache-tomcat-10.1.34-windows-x64\apache-tomcat-10.1.34
15-Jan-2025 09:25:00.267 INFO [main] org.apache.catalina.startup.VersionLoggerListener.log Command line argument: -Dcatalina.base=C:\Users\imper\Documents\Java_Projects\RegistrationServletAndJDBCProj
15-Jan-2025 09:25:00.267 INFO [main] org.apache.catalina.startup.VersionLoggerListener.log Command line argument: -Djava.io.tmpdir=C:\Users\imper\Documents\Java_Projects\RegistrationServletAndJDBCProj\temp
15-Jan-2025 09:25:00.268 INFO [main] org.apache.catalina.startup.VersionLoggerListener.log Command line argument: -Djava.util.logging.config.file=C:\Users\imper\Documents\Java_Projects\RegistrationServletAndJDBCProj\conf\logging.properties
15-Jan-2025 09:25:00.268 INFO [main] org.apache.catalina.startup.VersionLoggerListener.log Command line argument: -Djava.util.logging.manager=org.apache.juli.ClassLoaderLogManager
15-Jan-2025 09:25:00.268 INFO [main] org.apache.catalina.startup.VersionLoggerListener.log Command line argument: -javaagent:C:\Program Files\JetBrains\IntelliJ IDEA Community Edition 2024.3.1.1\lib\idea_rt.jar=51029:C:\Program Files\JetBrains\IntelliJ IDEA Community Edition 2024.3.1.1\bin
15-Jan-2025 09:25:00.268 INFO [main] org.apache.catalina.startup.VersionLoggerListener.log Command line argument: -Dfile.encoding=UTF-8
15-Jan-2025 09:25:00.268 INFO [main] org.apache.catalina.startup.VersionLoggerListener.log Command line argument: -Dsun.stdout.encoding=UTF-8
15-Jan-2025 09:25:00.268 INFO [main] org.apache.catalina.startup.VersionLoggerListener.log Command line argument: -Dsun.stderr.encoding=UTF-8
15-Jan-2025 09:25:00.272 INFO [main] org.apache.catalina.core.AprLifecycleListener.lifecycleEvent Loaded Apache Tomcat Native library [2.0.8] using APR version [1.7.4].
15-Jan-2025 09:25:00.278 INFO [main] org.apache.catalina.core.AprLifecycleListener.initializeSSL OpenSSL successfully initialized [OpenSSL 3.0.14 4 Jun 2024]
15-Jan-2025 09:25:00.716 INFO [main] org.apache.coyote.AbstractProtocol.init Initializing ProtocolHandler ["http-nio-8080"]
15-Jan-2025 09:25:00.739 INFO [main] org.apache.catalina.startup.Catalina.load Server initialization in [777] milliseconds
15-Jan-2025 09:25:00.802 INFO [main] org.apache.catalina.core.StandardService.startInternal Starting service [Catalina]
15-Jan-2025 09:25:00.803 INFO [main] org.apache.catalina.core.StandardEngine.startInternal Starting Servlet engine: [Apache Tomcat/10.1.34]
15-Jan-2025 09:25:00.824 INFO [main] org.apache.catalina.startup.HostConfig.deployDescriptor Deploying deployment descriptor [C:\Users\imper\Documents\Java_Projects\RegistrationServletAndJDBCProj\conf\Catalina\localhost\RegistrationServletAndJDBCProj.xml]
15-Jan-2025 09:25:01.649 INFO [main] org.apache.jasper.servlet.TldScanner.scanJars At least one JAR was scanned for TLDs yet contained no TLDs. Enable debug logging for this logger for a complete list of JARs that were scanned but no TLDs were found in them. Skipping unneeded JARs during scanning can improve startup time and JSP compilation time.
15-Jan-2025 09:25:01.706 INFO [main] org.apache.catalina.startup.HostConfig.deployDescriptor Deployment of deployment descriptor [C:\Users\imper\Documents\Java_Projects\RegistrationServletAndJDBCProj\conf\Catalina\localhost\RegistrationServletAndJDBCProj.xml] has finished in [881] ms
15-Jan-2025 09:25:01.713 INFO [main] org.apache.coyote.AbstractProtocol.start Starting ProtocolHandler ["http-nio-8080"]
15-Jan-2025 09:25:01.741 INFO [main] org.apache.catalina.startup.Catalina.start Server startup in [999] milliseconds
15-Jan-2025 09:26:39.439 INFO [Thread-1] org.apache.coyote.AbstractProtocol.pause Pausing ProtocolHandler ["http-nio-8080"]
15-Jan-2025 09:26:39.444 INFO [Thread-1] org.apache.catalina.core.StandardService.stopInternal Stopping service [Catalina]
15-Jan-2025 09:26:39.463 WARNING [Thread-1] org.apache.catalina.loader.WebappClassLoaderBase.clearReferencesThreads The web application [RegistrationServletAndJDBCProj] appears to have started a thread named [mysql-cj-abandoned-connection-cleanup] but has failed to stop it. This is very likely to create a memory leak. Stack trace of thread:
 java.base/java.io.WinNTFileSystem.canonicalize0(Native Method)
 java.base/java.io.WinNTFileSystem.canonicalize(WinNTFileSystem.java:493)
 java.base/java.io.File.getCanonicalPath(File.java:626)
 org.apache.catalina.webresources.AbstractFileResourceSet.file(AbstractFileResourceSet.java:94)
 org.apache.catalina.webresources.DirResourceSet.getResource(DirResourceSet.java:112)
 org.apache.catalina.webresources.StandardRoot.getResourceInternal(StandardRoot.java:272)
 org.apache.catalina.webresources.CachedResource.validateResource(CachedResource.java:109)
 org.apache.catalina.webresources.Cache.getResource(Cache.java:96)
 org.apache.catalina.webresources.StandardRoot.getResource(StandardRoot.java:211)
 org.apache.catalina.webresources.StandardRoot.getClassLoaderResource(StandardRoot.java:220)
 org.apache.catalina.loader.WebappClassLoaderBase.findResource(WebappClassLoaderBase.java:892)
 org.apache.catalina.loader.WebappClassLoaderBase.getResource(WebappClassLoaderBase.java:1006)
 com.mysql.cj.jdbc.AbandonedConnectionCleanupThread.checkThreadContextClassLoader(AbandonedConnectionCleanupThread.java:116)
 com.mysql.cj.jdbc.AbandonedConnectionCleanupThread.run(AbandonedConnectionCleanupThread.java:83)
 java.base/java.util.concurrent.ThreadPoolExecutor.runWorker(ThreadPoolExecutor.java:1144)
 java.base/java.util.concurrent.ThreadPoolExecutor$Worker.run(ThreadPoolExecutor.java:642)
 java.base/java.lang.Thread.run(Thread.java:1575)
15-Jan-2025 09:26:39.469 INFO [Thread-1] org.apache.coyote.AbstractProtocol.stop Stopping ProtocolHandler ["http-nio-8080"]
15-Jan-2025 09:26:39.473 INFO [Thread-1] org.apache.coyote.AbstractProtocol.destroy Destroying ProtocolHandler ["http-nio-8080"]
15-Jan-2025 09:26:41.076 INFO [main] org.apache.catalina.startup.VersionLoggerListener.log Server version name:   Apache Tomcat/10.1.34
15-Jan-2025 09:26:41.082 INFO [main] org.apache.catalina.startup.VersionLoggerListener.log Server built:          Dec 5 2024 16:01:16 UTC
15-Jan-2025 09:26:41.082 INFO [main] org.apache.catalina.startup.VersionLoggerListener.log Server version number: 10.1.34.0
15-Jan-2025 09:26:41.083 INFO [main] org.apache.catalina.startup.VersionLoggerListener.log OS Name:               Windows 11
15-Jan-2025 09:26:41.083 INFO [main] org.apache.catalina.startup.VersionLoggerListener.log OS Version:            10.0
15-Jan-2025 09:26:41.083 INFO [main] org.apache.catalina.startup.VersionLoggerListener.log Architecture:          amd64
15-Jan-2025 09:26:41.083 INFO [main] org.apache.catalina.startup.VersionLoggerListener.log Java Home:             C:\Users\imper\.jdks\openjdk-23.0.1
15-Jan-2025 09:26:41.083 INFO [main] org.apache.catalina.startup.VersionLoggerListener.log JVM Version:           23.0.1+11-39
15-Jan-2025 09:26:41.083 INFO [main] org.apache.catalina.startup.VersionLoggerListener.log JVM Vendor:            Oracle Corporation
15-Jan-2025 09:26:41.083 INFO [main] org.apache.catalina.startup.VersionLoggerListener.log CATALINA_BASE:         C:\Users\imper\Documents\Java_Projects\RegistrationServletAndJDBCProj
15-Jan-2025 09:26:41.083 INFO [main] org.apache.catalina.startup.VersionLoggerListener.log CATALINA_HOME:         C:\Users\imper\Downloads\apache-tomcat-10.1.34-windows-x64\apache-tomcat-10.1.34
15-Jan-2025 09:26:41.097 INFO [main] org.apache.catalina.startup.VersionLoggerListener.log Command line argument: --add-opens=java.base/java.lang=ALL-UNNAMED
15-Jan-2025 09:26:41.098 INFO [main] org.apache.catalina.startup.VersionLoggerListener.log Command line argument: --add-opens=java.base/java.io=ALL-UNNAMED
15-Jan-2025 09:26:41.098 INFO [main] org.apache.catalina.startup.VersionLoggerListener.log Command line argument: --add-opens=java.base/java.util=ALL-UNNAMED
15-Jan-2025 09:26:41.098 INFO [main] org.apache.catalina.startup.VersionLoggerListener.log Command line argument: --add-opens=java.base/java.util.concurrent=ALL-UNNAMED
15-Jan-2025 09:26:41.098 INFO [main] org.apache.catalina.startup.VersionLoggerListener.log Command line argument: --add-opens=java.rmi/sun.rmi.transport=ALL-UNNAMED
15-Jan-2025 09:26:41.098 INFO [main] org.apache.catalina.startup.VersionLoggerListener.log Command line argument: -Dcatalina.home=C:\Users\imper\Downloads\apache-tomcat-10.1.34-windows-x64\apache-tomcat-10.1.34
15-Jan-2025 09:26:41.098 INFO [main] org.apache.catalina.startup.VersionLoggerListener.log Command line argument: -Dcatalina.base=C:\Users\imper\Documents\Java_Projects\RegistrationServletAndJDBCProj
15-Jan-2025 09:26:41.098 INFO [main] org.apache.catalina.startup.VersionLoggerListener.log Command line argument: -Djava.io.tmpdir=C:\Users\imper\Documents\Java_Projects\RegistrationServletAndJDBCProj\temp
15-Jan-2025 09:26:41.098 INFO [main] org.apache.catalina.startup.VersionLoggerListener.log Command line argument: -Djava.util.logging.config.file=C:\Users\imper\Documents\Java_Projects\RegistrationServletAndJDBCProj\conf\logging.properties
15-Jan-2025 09:26:41.099 INFO [main] org.apache.catalina.startup.VersionLoggerListener.log Command line argument: -Djava.util.logging.manager=org.apache.juli.ClassLoaderLogManager
15-Jan-2025 09:26:41.099 INFO [main] org.apache.catalina.startup.VersionLoggerListener.log Command line argument: -javaagent:C:\Program Files\JetBrains\IntelliJ IDEA Community Edition 2024.3.1.1\lib\idea_rt.jar=51037:C:\Program Files\JetBrains\IntelliJ IDEA Community Edition 2024.3.1.1\bin
15-Jan-2025 09:26:41.099 INFO [main] org.apache.catalina.startup.VersionLoggerListener.log Command line argument: -Dfile.encoding=UTF-8
15-Jan-2025 09:26:41.099 INFO [main] org.apache.catalina.startup.VersionLoggerListener.log Command line argument: -Dsun.stdout.encoding=UTF-8
15-Jan-2025 09:26:41.099 INFO [main] org.apache.catalina.startup.VersionLoggerListener.log Command line argument: -Dsun.stderr.encoding=UTF-8
15-Jan-2025 09:26:41.104 INFO [main] org.apache.catalina.core.AprLifecycleListener.lifecycleEvent Loaded Apache Tomcat Native library [2.0.8] using APR version [1.7.4].
15-Jan-2025 09:26:41.111 INFO [main] org.apache.catalina.core.AprLifecycleListener.initializeSSL OpenSSL successfully initialized [OpenSSL 3.0.14 4 Jun 2024]
15-Jan-2025 09:26:41.534 INFO [main] org.apache.coyote.AbstractProtocol.init Initializing ProtocolHandler ["http-nio-8080"]
15-Jan-2025 09:26:41.557 INFO [main] org.apache.catalina.startup.Catalina.load Server initialization in [816] milliseconds
15-Jan-2025 09:26:41.622 INFO [main] org.apache.catalina.core.StandardService.startInternal Starting service [Catalina]
15-Jan-2025 09:26:41.623 INFO [main] org.apache.catalina.core.StandardEngine.startInternal Starting Servlet engine: [Apache Tomcat/10.1.34]
15-Jan-2025 09:26:41.644 INFO [main] org.apache.catalina.startup.HostConfig.deployDescriptor Deploying deployment descriptor [C:\Users\imper\Documents\Java_Projects\RegistrationServletAndJDBCProj\conf\Catalina\localhost\RegistrationServletAndJDBCProj.xml]
15-Jan-2025 09:26:42.380 INFO [main] org.apache.jasper.servlet.TldScanner.scanJars At least one JAR was scanned for TLDs yet contained no TLDs. Enable debug logging for this logger for a complete list of JARs that were scanned but no TLDs were found in them. Skipping unneeded JARs during scanning can improve startup time and JSP compilation time.
15-Jan-2025 09:26:42.435 INFO [main] org.apache.catalina.startup.HostConfig.deployDescriptor Deployment of deployment descriptor [C:\Users\imper\Documents\Java_Projects\RegistrationServletAndJDBCProj\conf\Catalina\localhost\RegistrationServletAndJDBCProj.xml] has finished in [791] ms
15-Jan-2025 09:26:42.442 INFO [main] org.apache.coyote.AbstractProtocol.start Starting ProtocolHandler ["http-nio-8080"]
15-Jan-2025 09:26:42.474 INFO [main] org.apache.catalina.startup.Catalina.start Server startup in [914] milliseconds
15-Jan-2025 09:28:41.504 INFO [Thread-1] org.apache.coyote.AbstractProtocol.pause Pausing ProtocolHandler ["http-nio-8080"]
15-Jan-2025 09:28:41.510 INFO [Thread-1] org.apache.catalina.core.StandardService.stopInternal Stopping service [Catalina]
15-Jan-2025 09:28:41.531 WARNING [Thread-1] org.apache.catalina.loader.WebappClassLoaderBase.clearReferencesThreads The web application [RegistrationServletAndJDBCProj] appears to have started a thread named [mysql-cj-abandoned-connection-cleanup] but has failed to stop it. This is very likely to create a memory leak. Stack trace of thread:
 com.mysql.cj.jdbc.AbandonedConnectionCleanupThread.run(AbandonedConnectionCleanupThread.java:83)
 java.base/java.util.concurrent.ThreadPoolExecutor.runWorker(ThreadPoolExecutor.java:1144)
 java.base/java.util.concurrent.ThreadPoolExecutor$Worker.run(ThreadPoolExecutor.java:642)
 java.base/java.lang.Thread.run(Thread.java:1575)
15-Jan-2025 09:28:41.540 INFO [Thread-1] org.apache.coyote.AbstractProtocol.stop Stopping ProtocolHandler ["http-nio-8080"]
15-Jan-2025 09:28:41.549 INFO [Thread-1] org.apache.coyote.AbstractProtocol.destroy Destroying ProtocolHandler ["http-nio-8080"]
15-Jan-2025 09:28:43.411 INFO [main] org.apache.catalina.startup.VersionLoggerListener.log Server version name:   Apache Tomcat/10.1.34
15-Jan-2025 09:28:43.417 INFO [main] org.apache.catalina.startup.VersionLoggerListener.log Server built:          Dec 5 2024 16:01:16 UTC
15-Jan-2025 09:28:43.417 INFO [main] org.apache.catalina.startup.VersionLoggerListener.log Server version number: 10.1.34.0
15-Jan-2025 09:28:43.417 INFO [main] org.apache.catalina.startup.VersionLoggerListener.log OS Name:               Windows 11
15-Jan-2025 09:28:43.417 INFO [main] org.apache.catalina.startup.VersionLoggerListener.log OS Version:            10.0
15-Jan-2025 09:28:43.417 INFO [main] org.apache.catalina.startup.VersionLoggerListener.log Architecture:          amd64
15-Jan-2025 09:28:43.417 INFO [main] org.apache.catalina.startup.VersionLoggerListener.log Java Home:             C:\Users\imper\.jdks\openjdk-23.0.1
15-Jan-2025 09:28:43.417 INFO [main] org.apache.catalina.startup.VersionLoggerListener.log JVM Version:           23.0.1+11-39
15-Jan-2025 09:28:43.417 INFO [main] org.apache.catalina.startup.VersionLoggerListener.log JVM Vendor:            Oracle Corporation
15-Jan-2025 09:28:43.418 INFO [main] org.apache.catalina.startup.VersionLoggerListener.log CATALINA_BASE:         C:\Users\imper\Documents\Java_Projects\RegistrationServletAndJDBCProj
15-Jan-2025 09:28:43.418 INFO [main] org.apache.catalina.startup.VersionLoggerListener.log CATALINA_HOME:         C:\Users\imper\Downloads\apache-tomcat-10.1.34-windows-x64\apache-tomcat-10.1.34
15-Jan-2025 09:28:43.433 INFO [main] org.apache.catalina.startup.VersionLoggerListener.log Command line argument: --add-opens=java.base/java.lang=ALL-UNNAMED
15-Jan-2025 09:28:43.433 INFO [main] org.apache.catalina.startup.VersionLoggerListener.log Command line argument: --add-opens=java.base/java.io=ALL-UNNAMED
15-Jan-2025 09:28:43.433 INFO [main] org.apache.catalina.startup.VersionLoggerListener.log Command line argument: --add-opens=java.base/java.util=ALL-UNNAMED
15-Jan-2025 09:28:43.433 INFO [main] org.apache.catalina.startup.VersionLoggerListener.log Command line argument: --add-opens=java.base/java.util.concurrent=ALL-UNNAMED
15-Jan-2025 09:28:43.433 INFO [main] org.apache.catalina.startup.VersionLoggerListener.log Command line argument: --add-opens=java.rmi/sun.rmi.transport=ALL-UNNAMED
15-Jan-2025 09:28:43.433 INFO [main] org.apache.catalina.startup.VersionLoggerListener.log Command line argument: -Dcatalina.home=C:\Users\imper\Downloads\apache-tomcat-10.1.34-windows-x64\apache-tomcat-10.1.34
15-Jan-2025 09:28:43.433 INFO [main] org.apache.catalina.startup.VersionLoggerListener.log Command line argument: -Dcatalina.base=C:\Users\imper\Documents\Java_Projects\RegistrationServletAndJDBCProj
15-Jan-2025 09:28:43.435 INFO [main] org.apache.catalina.startup.VersionLoggerListener.log Command line argument: -Djava.io.tmpdir=C:\Users\imper\Documents\Java_Projects\RegistrationServletAndJDBCProj\temp
15-Jan-2025 09:28:43.435 INFO [main] org.apache.catalina.startup.VersionLoggerListener.log Command line argument: -Djava.util.logging.config.file=C:\Users\imper\Documents\Java_Projects\RegistrationServletAndJDBCProj\conf\logging.properties
15-Jan-2025 09:28:43.435 INFO [main] org.apache.catalina.startup.VersionLoggerListener.log Command line argument: -Djava.util.logging.manager=org.apache.juli.ClassLoaderLogManager
15-Jan-2025 09:28:43.435 INFO [main] org.apache.catalina.startup.VersionLoggerListener.log Command line argument: -javaagent:C:\Program Files\JetBrains\IntelliJ IDEA Community Edition 2024.3.1.1\lib\idea_rt.jar=51053:C:\Program Files\JetBrains\IntelliJ IDEA Community Edition 2024.3.1.1\bin
15-Jan-2025 09:28:43.435 INFO [main] org.apache.catalina.startup.VersionLoggerListener.log Command line argument: -Dfile.encoding=UTF-8
15-Jan-2025 09:28:43.435 INFO [main] org.apache.catalina.startup.VersionLoggerListener.log Command line argument: -Dsun.stdout.encoding=UTF-8
15-Jan-2025 09:28:43.435 INFO [main] org.apache.catalina.startup.VersionLoggerListener.log Command line argument: -Dsun.stderr.encoding=UTF-8
15-Jan-2025 09:28:43.439 INFO [main] org.apache.catalina.core.AprLifecycleListener.lifecycleEvent Loaded Apache Tomcat Native library [2.0.8] using APR version [1.7.4].
15-Jan-2025 09:28:43.447 INFO [main] org.apache.catalina.core.AprLifecycleListener.initializeSSL OpenSSL successfully initialized [OpenSSL 3.0.14 4 Jun 2024]
15-Jan-2025 09:28:43.847 INFO [main] org.apache.coyote.AbstractProtocol.init Initializing ProtocolHandler ["http-nio-8080"]
15-Jan-2025 09:28:43.870 INFO [main] org.apache.catalina.startup.Catalina.load Server initialization in [787] milliseconds
15-Jan-2025 09:28:43.948 INFO [main] org.apache.catalina.core.StandardService.startInternal Starting service [Catalina]
15-Jan-2025 09:28:43.948 INFO [main] org.apache.catalina.core.StandardEngine.startInternal Starting Servlet engine: [Apache Tomcat/10.1.34]
15-Jan-2025 09:28:43.964 INFO [main] org.apache.catalina.startup.HostConfig.deployDescriptor Deploying deployment descriptor [C:\Users\imper\Documents\Java_Projects\RegistrationServletAndJDBCProj\conf\Catalina\localhost\RegistrationServletAndJDBCProj.xml]
15-Jan-2025 09:28:44.937 INFO [main] org.apache.jasper.servlet.TldScanner.scanJars At least one JAR was scanned for TLDs yet contained no TLDs. Enable debug logging for this logger for a complete list of JARs that were scanned but no TLDs were found in them. Skipping unneeded JARs during scanning can improve startup time and JSP compilation time.
15-Jan-2025 09:28:44.995 INFO [main] org.apache.catalina.startup.HostConfig.deployDescriptor Deployment of deployment descriptor [C:\Users\imper\Documents\Java_Projects\RegistrationServletAndJDBCProj\conf\Catalina\localhost\RegistrationServletAndJDBCProj.xml] has finished in [1,031] ms
15-Jan-2025 09:28:45.001 INFO [main] org.apache.coyote.AbstractProtocol.start Starting ProtocolHandler ["http-nio-8080"]
15-Jan-2025 09:28:45.026 INFO [main] org.apache.catalina.startup.Catalina.start Server startup in [1154] milliseconds
15-Jan-2025 09:29:50.276 INFO [Thread-1] org.apache.coyote.AbstractProtocol.pause Pausing ProtocolHandler ["http-nio-8080"]
15-Jan-2025 09:29:50.282 INFO [Thread-1] org.apache.catalina.core.StandardService.stopInternal Stopping service [Catalina]
15-Jan-2025 09:29:50.301 WARNING [Thread-1] org.apache.catalina.loader.WebappClassLoaderBase.clearReferencesThreads The web application [RegistrationServletAndJDBCProj] appears to have started a thread named [mysql-cj-abandoned-connection-cleanup] but has failed to stop it. This is very likely to create a memory leak. Stack trace of thread:
 java.base/java.util.concurrent.ThreadPoolExecutor$Worker.tryAcquire(ThreadPoolExecutor.java:656)
 java.base/java.util.concurrent.locks.AbstractQueuedSynchronizer.acquire(AbstractQueuedSynchronizer.java:989)
 java.base/java.util.concurrent.ThreadPoolExecutor$Worker.lock(ThreadPoolExecutor.java:668)
 java.base/java.util.concurrent.ThreadPoolExecutor.runWorker(ThreadPoolExecutor.java:1131)
 java.base/java.util.concurrent.ThreadPoolExecutor$Worker.run(ThreadPoolExecutor.java:642)
 java.base/java.lang.Thread.run(Thread.java:1575)
15-Jan-2025 09:29:50.308 INFO [Thread-1] org.apache.coyote.AbstractProtocol.stop Stopping ProtocolHandler ["http-nio-8080"]
15-Jan-2025 09:29:50.324 INFO [Thread-1] org.apache.coyote.AbstractProtocol.destroy Destroying ProtocolHandler ["http-nio-8080"]
15-Jan-2025 09:29:51.986 INFO [main] org.apache.catalina.startup.VersionLoggerListener.log Server version name:   Apache Tomcat/10.1.34
15-Jan-2025 09:29:51.991 INFO [main] org.apache.catalina.startup.VersionLoggerListener.log Server built:          Dec 5 2024 16:01:16 UTC
15-Jan-2025 09:29:51.991 INFO [main] org.apache.catalina.startup.VersionLoggerListener.log Server version number: 10.1.34.0
15-Jan-2025 09:29:51.991 INFO [main] org.apache.catalina.startup.VersionLoggerListener.log OS Name:               Windows 11
15-Jan-2025 09:29:51.991 INFO [main] org.apache.catalina.startup.VersionLoggerListener.log OS Version:            10.0
15-Jan-2025 09:29:51.991 INFO [main] org.apache.catalina.startup.VersionLoggerListener.log Architecture:          amd64
15-Jan-2025 09:29:51.992 INFO [main] org.apache.catalina.startup.VersionLoggerListener.log Java Home:             C:\Users\imper\.jdks\openjdk-23.0.1
15-Jan-2025 09:29:51.992 INFO [main] org.apache.catalina.startup.VersionLoggerListener.log JVM Version:           23.0.1+11-39
15-Jan-2025 09:29:51.992 INFO [main] org.apache.catalina.startup.VersionLoggerListener.log JVM Vendor:            Oracle Corporation
15-Jan-2025 09:29:51.992 INFO [main] org.apache.catalina.startup.VersionLoggerListener.log CATALINA_BASE:         C:\Users\imper\Documents\Java_Projects\RegistrationServletAndJDBCProj
15-Jan-2025 09:29:51.992 INFO [main] org.apache.catalina.startup.VersionLoggerListener.log CATALINA_HOME:         C:\Users\imper\Downloads\apache-tomcat-10.1.34-windows-x64\apache-tomcat-10.1.34
15-Jan-2025 09:29:52.004 INFO [main] org.apache.catalina.startup.VersionLoggerListener.log Command line argument: --add-opens=java.base/java.lang=ALL-UNNAMED
15-Jan-2025 09:29:52.005 INFO [main] org.apache.catalina.startup.VersionLoggerListener.log Command line argument: --add-opens=java.base/java.io=ALL-UNNAMED
15-Jan-2025 09:29:52.005 INFO [main] org.apache.catalina.startup.VersionLoggerListener.log Command line argument: --add-opens=java.base/java.util=ALL-UNNAMED
15-Jan-2025 09:29:52.005 INFO [main] org.apache.catalina.startup.VersionLoggerListener.log Command line argument: --add-opens=java.base/java.util.concurrent=ALL-UNNAMED
15-Jan-2025 09:29:52.005 INFO [main] org.apache.catalina.startup.VersionLoggerListener.log Command line argument: --add-opens=java.rmi/sun.rmi.transport=ALL-UNNAMED
15-Jan-2025 09:29:52.005 INFO [main] org.apache.catalina.startup.VersionLoggerListener.log Command line argument: -Dcatalina.home=C:\Users\imper\Downloads\apache-tomcat-10.1.34-windows-x64\apache-tomcat-10.1.34
15-Jan-2025 09:29:52.005 INFO [main] org.apache.catalina.startup.VersionLoggerListener.log Command line argument: -Dcatalina.base=C:\Users\imper\Documents\Java_Projects\RegistrationServletAndJDBCProj
15-Jan-2025 09:29:52.005 INFO [main] org.apache.catalina.startup.VersionLoggerListener.log Command line argument: -Djava.io.tmpdir=C:\Users\imper\Documents\Java_Projects\RegistrationServletAndJDBCProj\temp
15-Jan-2025 09:29:52.006 INFO [main] org.apache.catalina.startup.VersionLoggerListener.log Command line argument: -Djava.util.logging.config.file=C:\Users\imper\Documents\Java_Projects\RegistrationServletAndJDBCProj\conf\logging.properties
15-Jan-2025 09:29:52.006 INFO [main] org.apache.catalina.startup.VersionLoggerListener.log Command line argument: -Djava.util.logging.manager=org.apache.juli.ClassLoaderLogManager
15-Jan-2025 09:29:52.006 INFO [main] org.apache.catalina.startup.VersionLoggerListener.log Command line argument: -javaagent:C:\Program Files\JetBrains\IntelliJ IDEA Community Edition 2024.3.1.1\lib\idea_rt.jar=51069:C:\Program Files\JetBrains\IntelliJ IDEA Community Edition 2024.3.1.1\bin
15-Jan-2025 09:29:52.006 INFO [main] org.apache.catalina.startup.VersionLoggerListener.log Command line argument: -Dfile.encoding=UTF-8
15-Jan-2025 09:29:52.006 INFO [main] org.apache.catalina.startup.VersionLoggerListener.log Command line argument: -Dsun.stdout.encoding=UTF-8
15-Jan-2025 09:29:52.006 INFO [main] org.apache.catalina.startup.VersionLoggerListener.log Command line argument: -Dsun.stderr.encoding=UTF-8
15-Jan-2025 09:29:52.009 INFO [main] org.apache.catalina.core.AprLifecycleListener.lifecycleEvent Loaded Apache Tomcat Native library [2.0.8] using APR version [1.7.4].
15-Jan-2025 09:29:52.016 INFO [main] org.apache.catalina.core.AprLifecycleListener.initializeSSL OpenSSL successfully initialized [OpenSSL 3.0.14 4 Jun 2024]
15-Jan-2025 09:29:52.456 INFO [main] org.apache.coyote.AbstractProtocol.init Initializing ProtocolHandler ["http-nio-8080"]
15-Jan-2025 09:29:52.483 INFO [main] org.apache.catalina.startup.Catalina.load Server initialization in [777] milliseconds
15-Jan-2025 09:29:52.557 INFO [main] org.apache.catalina.core.StandardService.startInternal Starting service [Catalina]
15-Jan-2025 09:29:52.557 INFO [main] org.apache.catalina.core.StandardEngine.startInternal Starting Servlet engine: [Apache Tomcat/10.1.34]
15-Jan-2025 09:29:52.576 INFO [main] org.apache.catalina.startup.HostConfig.deployDescriptor Deploying deployment descriptor [C:\Users\imper\Documents\Java_Projects\RegistrationServletAndJDBCProj\conf\Catalina\localhost\RegistrationServletAndJDBCProj.xml]
15-Jan-2025 09:29:53.457 INFO [main] org.apache.jasper.servlet.TldScanner.scanJars At least one JAR was scanned for TLDs yet contained no TLDs. Enable debug logging for this logger for a complete list of JARs that were scanned but no TLDs were found in them. Skipping unneeded JARs during scanning can improve startup time and JSP compilation time.
15-Jan-2025 09:29:53.536 INFO [main] org.apache.catalina.startup.HostConfig.deployDescriptor Deployment of deployment descriptor [C:\Users\imper\Documents\Java_Projects\RegistrationServletAndJDBCProj\conf\Catalina\localhost\RegistrationServletAndJDBCProj.xml] has finished in [961] ms
15-Jan-2025 09:29:53.544 INFO [main] org.apache.coyote.AbstractProtocol.start Starting ProtocolHandler ["http-nio-8080"]
15-Jan-2025 09:29:53.572 INFO [main] org.apache.catalina.startup.Catalina.start Server startup in [1086] milliseconds
15-Jan-2025 09:54:56.688 INFO [Thread-1] org.apache.coyote.AbstractProtocol.pause Pausing ProtocolHandler ["http-nio-8080"]
15-Jan-2025 09:54:56.710 INFO [Thread-1] org.apache.catalina.core.StandardService.stopInternal Stopping service [Catalina]
15-Jan-2025 09:54:56.792 WARNING [Thread-1] org.apache.catalina.loader.WebappClassLoaderBase.clearReferencesThreads The web application [RegistrationServletAndJDBCProj] appears to have started a thread named [mysql-cj-abandoned-connection-cleanup] but has failed to stop it. This is very likely to create a memory leak. Stack trace of thread:
 java.base/java.io.WinNTFileSystem.canonicalize0(Native Method)
 java.base/java.io.WinNTFileSystem.canonicalize(WinNTFileSystem.java:493)
 java.base/java.io.File.getCanonicalPath(File.java:626)
 org.apache.catalina.webresources.AbstractFileResourceSet.file(AbstractFileResourceSet.java:94)
 org.apache.catalina.webresources.DirResourceSet.getResource(DirResourceSet.java:112)
 org.apache.catalina.webresources.StandardRoot.getResourceInternal(StandardRoot.java:272)
 org.apache.catalina.webresources.CachedResource.validateResource(CachedResource.java:109)
 org.apache.catalina.webresources.Cache.getResource(Cache.java:96)
 org.apache.catalina.webresources.StandardRoot.getResource(StandardRoot.java:211)
 org.apache.catalina.webresources.StandardRoot.getClassLoaderResource(StandardRoot.java:220)
 org.apache.catalina.loader.WebappClassLoaderBase.findResource(WebappClassLoaderBase.java:892)
 org.apache.catalina.loader.WebappClassLoaderBase.getResource(WebappClassLoaderBase.java:1006)
 com.mysql.cj.jdbc.AbandonedConnectionCleanupThread.checkThreadContextClassLoader(AbandonedConnectionCleanupThread.java:116)
 com.mysql.cj.jdbc.AbandonedConnectionCleanupThread.run(AbandonedConnectionCleanupThread.java:83)
 java.base/java.util.concurrent.ThreadPoolExecutor.runWorker(ThreadPoolExecutor.java:1144)
 java.base/java.util.concurrent.ThreadPoolExecutor$Worker.run(ThreadPoolExecutor.java:642)
 java.base/java.lang.Thread.run(Thread.java:1575)
15-Jan-2025 09:54:56.816 INFO [Thread-1] org.apache.coyote.AbstractProtocol.stop Stopping ProtocolHandler ["http-nio-8080"]
15-Jan-2025 09:54:56.827 INFO [Thread-1] org.apache.coyote.AbstractProtocol.destroy Destroying ProtocolHandler ["http-nio-8080"]
15-Jan-2025 09:55:25.521 INFO [main] org.apache.catalina.startup.VersionLoggerListener.log Server version name:   Apache Tomcat/10.1.34
15-Jan-2025 09:55:25.529 INFO [main] org.apache.catalina.startup.VersionLoggerListener.log Server built:          Dec 5 2024 16:01:16 UTC
15-Jan-2025 09:55:25.529 INFO [main] org.apache.catalina.startup.VersionLoggerListener.log Server version number: 10.1.34.0
15-Jan-2025 09:55:25.529 INFO [main] org.apache.catalina.startup.VersionLoggerListener.log OS Name:               Windows 11
15-Jan-2025 09:55:25.529 INFO [main] org.apache.catalina.startup.VersionLoggerListener.log OS Version:            10.0
15-Jan-2025 09:55:25.530 INFO [main] org.apache.catalina.startup.VersionLoggerListener.log Architecture:          amd64
15-Jan-2025 09:55:25.530 INFO [main] org.apache.catalina.startup.VersionLoggerListener.log Java Home:             C:\Users\imper\.jdks\openjdk-23.0.1
15-Jan-2025 09:55:25.530 INFO [main] org.apache.catalina.startup.VersionLoggerListener.log JVM Version:           23.0.1+11-39
15-Jan-2025 09:55:25.530 INFO [main] org.apache.catalina.startup.VersionLoggerListener.log JVM Vendor:            Oracle Corporation
15-Jan-2025 09:55:25.530 INFO [main] org.apache.catalina.startup.VersionLoggerListener.log CATALINA_BASE:         C:\Users\imper\Documents\Java_Projects\RegistrationServletAndJDBCProj
15-Jan-2025 09:55:25.530 INFO [main] org.apache.catalina.startup.VersionLoggerListener.log CATALINA_HOME:         C:\Users\imper\Downloads\apache-tomcat-10.1.34-windows-x64\apache-tomcat-10.1.34
15-Jan-2025 09:55:25.545 INFO [main] org.apache.catalina.startup.VersionLoggerListener.log Command line argument: --add-opens=java.base/java.lang=ALL-UNNAMED
15-Jan-2025 09:55:25.545 INFO [main] org.apache.catalina.startup.VersionLoggerListener.log Command line argument: --add-opens=java.base/java.io=ALL-UNNAMED
15-Jan-2025 09:55:25.545 INFO [main] org.apache.catalina.startup.VersionLoggerListener.log Command line argument: --add-opens=java.base/java.util=ALL-UNNAMED
15-Jan-2025 09:55:25.546 INFO [main] org.apache.catalina.startup.VersionLoggerListener.log Command line argument: --add-opens=java.base/java.util.concurrent=ALL-UNNAMED
15-Jan-2025 09:55:25.546 INFO [main] org.apache.catalina.startup.VersionLoggerListener.log Command line argument: --add-opens=java.rmi/sun.rmi.transport=ALL-UNNAMED
15-Jan-2025 09:55:25.546 INFO [main] org.apache.catalina.startup.VersionLoggerListener.log Command line argument: -Dcatalina.home=C:\Users\imper\Downloads\apache-tomcat-10.1.34-windows-x64\apache-tomcat-10.1.34
15-Jan-2025 09:55:25.546 INFO [main] org.apache.catalina.startup.VersionLoggerListener.log Command line argument: -Dcatalina.base=C:\Users\imper\Documents\Java_Projects\RegistrationServletAndJDBCProj
15-Jan-2025 09:55:25.546 INFO [main] org.apache.catalina.startup.VersionLoggerListener.log Command line argument: -Djava.io.tmpdir=C:\Users\imper\Documents\Java_Projects\RegistrationServletAndJDBCProj\temp
15-Jan-2025 09:55:25.546 INFO [main] org.apache.catalina.startup.VersionLoggerListener.log Command line argument: -Djava.util.logging.config.file=C:\Users\imper\Documents\Java_Projects\RegistrationServletAndJDBCProj\conf\logging.properties
15-Jan-2025 09:55:25.546 INFO [main] org.apache.catalina.startup.VersionLoggerListener.log Command line argument: -Djava.util.logging.manager=org.apache.juli.ClassLoaderLogManager
15-Jan-2025 09:55:25.546 INFO [main] org.apache.catalina.startup.VersionLoggerListener.log Command line argument: -javaagent:C:\Program Files\JetBrains\IntelliJ IDEA Community Edition 2024.3.1.1\lib\idea_rt.jar=51427:C:\Program Files\JetBrains\IntelliJ IDEA Community Edition 2024.3.1.1\bin
15-Jan-2025 09:55:25.546 INFO [main] org.apache.catalina.startup.VersionLoggerListener.log Command line argument: -Dfile.encoding=UTF-8
15-Jan-2025 09:55:25.546 INFO [main] org.apache.catalina.startup.VersionLoggerListener.log Command line argument: -Dsun.stdout.encoding=UTF-8
15-Jan-2025 09:55:25.546 INFO [main] org.apache.catalina.startup.VersionLoggerListener.log Command line argument: -Dsun.stderr.encoding=UTF-8
15-Jan-2025 09:55:25.552 INFO [main] org.apache.catalina.core.AprLifecycleListener.lifecycleEvent Loaded Apache Tomcat Native library [2.0.8] using APR version [1.7.4].
15-Jan-2025 09:55:25.575 INFO [main] org.apache.catalina.core.AprLifecycleListener.initializeSSL OpenSSL successfully initialized [OpenSSL 3.0.14 4 Jun 2024]
15-Jan-2025 09:55:25.979 INFO [main] org.apache.coyote.AbstractProtocol.init Initializing ProtocolHandler ["http-nio-8080"]
15-Jan-2025 09:55:26.001 INFO [main] org.apache.catalina.startup.Catalina.load Server initialization in [795] milliseconds
15-Jan-2025 09:55:26.073 INFO [main] org.apache.catalina.core.StandardService.startInternal Starting service [Catalina]
15-Jan-2025 09:55:26.073 INFO [main] org.apache.catalina.core.StandardEngine.startInternal Starting Servlet engine: [Apache Tomcat/10.1.34]
15-Jan-2025 09:55:26.096 INFO [main] org.apache.catalina.startup.HostConfig.deployDescriptor Deploying deployment descriptor [C:\Users\imper\Documents\Java_Projects\RegistrationServletAndJDBCProj\conf\Catalina\localhost\RegistrationServletAndJDBCProj.xml]
15-Jan-2025 09:55:27.146 INFO [main] org.apache.jasper.servlet.TldScanner.scanJars At least one JAR was scanned for TLDs yet contained no TLDs. Enable debug logging for this logger for a complete list of JARs that were scanned but no TLDs were found in them. Skipping unneeded JARs during scanning can improve startup time and JSP compilation time.
15-Jan-2025 09:55:27.214 INFO [main] org.apache.catalina.startup.HostConfig.deployDescriptor Deployment of deployment descriptor [C:\Users\imper\Documents\Java_Projects\RegistrationServletAndJDBCProj\conf\Catalina\localhost\RegistrationServletAndJDBCProj.xml] has finished in [1,117] ms
15-Jan-2025 09:55:27.220 INFO [main] org.apache.coyote.AbstractProtocol.start Starting ProtocolHandler ["http-nio-8080"]
15-Jan-2025 09:55:27.250 INFO [main] org.apache.catalina.startup.Catalina.start Server startup in [1246] milliseconds
15-Jan-2025 09:55:49.493 INFO [Thread-1] org.apache.coyote.AbstractProtocol.pause Pausing ProtocolHandler ["http-nio-8080"]
15-Jan-2025 09:55:49.501 INFO [Thread-1] org.apache.catalina.core.StandardService.stopInternal Stopping service [Catalina]
15-Jan-2025 09:55:49.517 WARNING [Thread-1] org.apache.catalina.loader.WebappClassLoaderBase.clearReferencesThreads The web application [RegistrationServletAndJDBCProj] appears to have started a thread named [mysql-cj-abandoned-connection-cleanup] but has failed to stop it. This is very likely to create a memory leak. Stack trace of thread:
 com.mysql.cj.jdbc.AbandonedConnectionCleanupThread.checkThreadContextClassLoader(AbandonedConnectionCleanupThread.java:116)
 com.mysql.cj.jdbc.AbandonedConnectionCleanupThread.run(AbandonedConnectionCleanupThread.java:83)
 java.base/java.util.concurrent.ThreadPoolExecutor.runWorker(ThreadPoolExecutor.java:1144)
 java.base/java.util.concurrent.ThreadPoolExecutor$Worker.run(ThreadPoolExecutor.java:642)
 java.base/java.lang.Thread.run(Thread.java:1575)
15-Jan-2025 09:55:49.524 INFO [Thread-1] org.apache.coyote.AbstractProtocol.stop Stopping ProtocolHandler ["http-nio-8080"]
15-Jan-2025 09:55:49.533 INFO [Thread-1] org.apache.coyote.AbstractProtocol.destroy Destroying ProtocolHandler ["http-nio-8080"]
15-Jan-2025 10:01:12.569 INFO [main] org.apache.catalina.startup.VersionLoggerListener.log Server version name:   Apache Tomcat/10.1.34
15-Jan-2025 10:01:12.579 INFO [main] org.apache.catalina.startup.VersionLoggerListener.log Server built:          Dec 5 2024 16:01:16 UTC
15-Jan-2025 10:01:12.579 INFO [main] org.apache.catalina.startup.VersionLoggerListener.log Server version number: 10.1.34.0
15-Jan-2025 10:01:12.580 INFO [main] org.apache.catalina.startup.VersionLoggerListener.log OS Name:               Windows 11
15-Jan-2025 10:01:12.580 INFO [main] org.apache.catalina.startup.VersionLoggerListener.log OS Version:            10.0
15-Jan-2025 10:01:12.580 INFO [main] org.apache.catalina.startup.VersionLoggerListener.log Architecture:          amd64
15-Jan-2025 10:01:12.580 INFO [main] org.apache.catalina.startup.VersionLoggerListener.log Java Home:             C:\Users\imper\.jdks\openjdk-23.0.1
15-Jan-2025 10:01:12.580 INFO [main] org.apache.catalina.startup.VersionLoggerListener.log JVM Version:           23.0.1+11-39
15-Jan-2025 10:01:12.580 INFO [main] org.apache.catalina.startup.VersionLoggerListener.log JVM Vendor:            Oracle Corporation
15-Jan-2025 10:01:12.580 INFO [main] org.apache.catalina.startup.VersionLoggerListener.log CATALINA_BASE:         C:\Users\imper\Documents\Java_Projects\RegistrationServletAndJDBCProj
15-Jan-2025 10:01:12.581 INFO [main] org.apache.catalina.startup.VersionLoggerListener.log CATALINA_HOME:         C:\Users\imper\Downloads\apache-tomcat-10.1.34-windows-x64\apache-tomcat-10.1.34
15-Jan-2025 10:01:12.599 INFO [main] org.apache.catalina.startup.VersionLoggerListener.log Command line argument: --add-opens=java.base/java.lang=ALL-UNNAMED
15-Jan-2025 10:01:12.599 INFO [main] org.apache.catalina.startup.VersionLoggerListener.log Command line argument: --add-opens=java.base/java.io=ALL-UNNAMED
15-Jan-2025 10:01:12.600 INFO [main] org.apache.catalina.startup.VersionLoggerListener.log Command line argument: --add-opens=java.base/java.util=ALL-UNNAMED
15-Jan-2025 10:01:12.600 INFO [main] org.apache.catalina.startup.VersionLoggerListener.log Command line argument: --add-opens=java.base/java.util.concurrent=ALL-UNNAMED
15-Jan-2025 10:01:12.600 INFO [main] org.apache.catalina.startup.VersionLoggerListener.log Command line argument: --add-opens=java.rmi/sun.rmi.transport=ALL-UNNAMED
15-Jan-2025 10:01:12.600 INFO [main] org.apache.catalina.startup.VersionLoggerListener.log Command line argument: -Dcatalina.home=C:\Users\imper\Downloads\apache-tomcat-10.1.34-windows-x64\apache-tomcat-10.1.34
15-Jan-2025 10:01:12.600 INFO [main] org.apache.catalina.startup.VersionLoggerListener.log Command line argument: -Dcatalina.base=C:\Users\imper\Documents\Java_Projects\RegistrationServletAndJDBCProj
15-Jan-2025 10:01:12.601 INFO [main] org.apache.catalina.startup.VersionLoggerListener.log Command line argument: -Djava.io.tmpdir=C:\Users\imper\Documents\Java_Projects\RegistrationServletAndJDBCProj\temp
15-Jan-2025 10:01:12.601 INFO [main] org.apache.catalina.startup.VersionLoggerListener.log Command line argument: -Djava.util.logging.config.file=C:\Users\imper\Documents\Java_Projects\RegistrationServletAndJDBCProj\conf\logging.properties
15-Jan-2025 10:01:12.601 INFO [main] org.apache.catalina.startup.VersionLoggerListener.log Command line argument: -Djava.util.logging.manager=org.apache.juli.ClassLoaderLogManager
15-Jan-2025 10:01:12.601 INFO [main] org.apache.catalina.startup.VersionLoggerListener.log Command line argument: -javaagent:C:\Program Files\JetBrains\IntelliJ IDEA Community Edition 2024.3.1.1\lib\idea_rt.jar=51481:C:\Program Files\JetBrains\IntelliJ IDEA Community Edition 2024.3.1.1\bin
15-Jan-2025 10:01:12.601 INFO [main] org.apache.catalina.startup.VersionLoggerListener.log Command line argument: -Dfile.encoding=UTF-8
15-Jan-2025 10:01:12.601 INFO [main] org.apache.catalina.startup.VersionLoggerListener.log Command line argument: -Dsun.stdout.encoding=UTF-8
15-Jan-2025 10:01:12.601 INFO [main] org.apache.catalina.startup.VersionLoggerListener.log Command line argument: -Dsun.stderr.encoding=UTF-8
15-Jan-2025 10:01:12.608 INFO [main] org.apache.catalina.core.AprLifecycleListener.lifecycleEvent Loaded Apache Tomcat Native library [2.0.8] using APR version [1.7.4].
15-Jan-2025 10:01:12.616 INFO [main] org.apache.catalina.core.AprLifecycleListener.initializeSSL OpenSSL successfully initialized [OpenSSL 3.0.14 4 Jun 2024]
15-Jan-2025 10:01:13.046 INFO [main] org.apache.coyote.AbstractProtocol.init Initializing ProtocolHandler ["http-nio-8080"]
15-Jan-2025 10:01:13.075 INFO [main] org.apache.catalina.startup.Catalina.load Server initialization in [793] milliseconds
15-Jan-2025 10:01:13.176 INFO [main] org.apache.catalina.core.StandardService.startInternal Starting service [Catalina]
15-Jan-2025 10:01:13.176 INFO [main] org.apache.catalina.core.StandardEngine.startInternal Starting Servlet engine: [Apache Tomcat/10.1.34]
15-Jan-2025 10:01:13.210 INFO [main] org.apache.catalina.startup.HostConfig.deployDescriptor Deploying deployment descriptor [C:\Users\imper\Documents\Java_Projects\RegistrationServletAndJDBCProj\conf\Catalina\localhost\RegistrationServletAndJDBCProj.xml]
15-Jan-2025 10:01:14.080 INFO [main] org.apache.jasper.servlet.TldScanner.scanJars At least one JAR was scanned for TLDs yet contained no TLDs. Enable debug logging for this logger for a complete list of JARs that were scanned but no TLDs were found in them. Skipping unneeded JARs during scanning can improve startup time and JSP compilation time.
15-Jan-2025 10:01:14.137 INFO [main] org.apache.catalina.startup.HostConfig.deployDescriptor Deployment of deployment descriptor [C:\Users\imper\Documents\Java_Projects\RegistrationServletAndJDBCProj\conf\Catalina\localhost\RegistrationServletAndJDBCProj.xml] has finished in [926] ms
15-Jan-2025 10:01:14.144 INFO [main] org.apache.coyote.AbstractProtocol.start Starting ProtocolHandler ["http-nio-8080"]
15-Jan-2025 10:01:14.171 INFO [main] org.apache.catalina.startup.Catalina.start Server startup in [1094] milliseconds
15-Jan-2025 10:08:44.501 INFO [Catalina-utility-1] org.apache.catalina.startup.HostConfig.deployDirectory Deploying web application directory [C:\Users\imper\Documents\Java_Projects\RegistrationServletAndJDBCProj\webapps\New folder]
15-Jan-2025 10:08:44.820 INFO [Catalina-utility-1] org.apache.jasper.servlet.TldScanner.scanJars At least one JAR was scanned for TLDs yet contained no TLDs. Enable debug logging for this logger for a complete list of JARs that were scanned but no TLDs were found in them. Skipping unneeded JARs during scanning can improve startup time and JSP compilation time.
15-Jan-2025 10:08:44.834 INFO [Catalina-utility-1] org.apache.catalina.startup.HostConfig.deployDirectory Deployment of web application directory [C:\Users\imper\Documents\Java_Projects\RegistrationServletAndJDBCProj\webapps\New folder] has finished in [333] ms
15-Jan-2025 10:08:55.361 INFO [Catalina-utility-1] org.apache.catalina.startup.HostConfig.undeploy Undeploying context [/New folder]
15-Jan-2025 10:08:55.393 INFO [Catalina-utility-1] org.apache.catalina.startup.HostConfig.deployDirectory Deploying web application directory [C:\Users\imper\Documents\Java_Projects\RegistrationServletAndJDBCProj\webapps\images]
15-Jan-2025 10:08:55.662 INFO [Catalina-utility-1] org.apache.jasper.servlet.TldScanner.scanJars At least one JAR was scanned for TLDs yet contained no TLDs. Enable debug logging for this logger for a complete list of JARs that were scanned but no TLDs were found in them. Skipping unneeded JARs during scanning can improve startup time and JSP compilation time.
15-Jan-2025 10:08:55.666 INFO [Catalina-utility-1] org.apache.catalina.startup.HostConfig.deployDirectory Deployment of web application directory [C:\Users\imper\Documents\Java_Projects\RegistrationServletAndJDBCProj\webapps\images] has finished in [273] ms
15-Jan-2025 10:10:46.268 INFO [Catalina-utility-1] org.apache.catalina.startup.HostConfig.undeploy Undeploying context [/images]
15-Jan-2025 11:40:56.533 INFO [Thread-1] org.apache.coyote.AbstractProtocol.pause Pausing ProtocolHandler ["http-nio-8080"]
15-Jan-2025 11:40:56.561 INFO [Thread-1] org.apache.catalina.core.StandardService.stopInternal Stopping service [Catalina]
15-Jan-2025 11:40:56.683 WARNING [Thread-1] org.apache.catalina.loader.WebappClassLoaderBase.clearReferencesThreads The web application [RegistrationServletAndJDBCProj] appears to have started a thread named [mysql-cj-abandoned-connection-cleanup] but has failed to stop it. This is very likely to create a memory leak. Stack trace of thread:
 java.base/jdk.internal.misc.Unsafe.park(Native Method)
 java.base/java.util.concurrent.locks.LockSupport.parkNanos(LockSupport.java:269)
 java.base/java.util.concurrent.locks.AbstractQueuedSynchronizer$ConditionObject.await(AbstractQueuedSynchronizer.java:1852)
 java.base/java.lang.ref.ReferenceQueue.await(ReferenceQueue.java:79)
 java.base/java.lang.ref.ReferenceQueue.remove0(ReferenceQueue.java:151)
 java.base/java.lang.ref.ReferenceQueue.remove(ReferenceQueue.java:229)
 com.mysql.cj.jdbc.AbandonedConnectionCleanupThread.run(AbandonedConnectionCleanupThread.java:84)
 java.base/java.util.concurrent.ThreadPoolExecutor.runWorker(ThreadPoolExecutor.java:1144)
 java.base/java.util.concurrent.ThreadPoolExecutor$Worker.run(ThreadPoolExecutor.java:642)
 java.base/java.lang.Thread.run(Thread.java:1575)
15-Jan-2025 11:40:56.693 INFO [Thread-1] org.apache.coyote.AbstractProtocol.stop Stopping ProtocolHandler ["http-nio-8080"]
15-Jan-2025 11:40:56.736 INFO [Thread-1] org.apache.coyote.AbstractProtocol.destroy Destroying ProtocolHandler ["http-nio-8080"]
15-Jan-2025 13:18:16.404 INFO [main] org.apache.catalina.startup.VersionLoggerListener.log Server version name:   Apache Tomcat/10.1.34
15-Jan-2025 13:18:16.415 INFO [main] org.apache.catalina.startup.VersionLoggerListener.log Server built:          Dec 5 2024 16:01:16 UTC
15-Jan-2025 13:18:16.416 INFO [main] org.apache.catalina.startup.VersionLoggerListener.log Server version number: 10.1.34.0
15-Jan-2025 13:18:16.416 INFO [main] org.apache.catalina.startup.VersionLoggerListener.log OS Name:               Windows 11
15-Jan-2025 13:18:16.417 INFO [main] org.apache.catalina.startup.VersionLoggerListener.log OS Version:            10.0
15-Jan-2025 13:18:16.417 INFO [main] org.apache.catalina.startup.VersionLoggerListener.log Architecture:          amd64
15-Jan-2025 13:18:16.417 INFO [main] org.apache.catalina.startup.VersionLoggerListener.log Java Home:             C:\Users\imper\.jdks\openjdk-23.0.1
15-Jan-2025 13:18:16.417 INFO [main] org.apache.catalina.startup.VersionLoggerListener.log JVM Version:           23.0.1+11-39
15-Jan-2025 13:18:16.417 INFO [main] org.apache.catalina.startup.VersionLoggerListener.log JVM Vendor:            Oracle Corporation
15-Jan-2025 13:18:16.418 INFO [main] org.apache.catalina.startup.VersionLoggerListener.log CATALINA_BASE:         C:\Users\imper\Documents\Java_Projects\RegistrationServletAndJDBCProj
15-Jan-2025 13:18:16.418 INFO [main] org.apache.catalina.startup.VersionLoggerListener.log CATALINA_HOME:         C:\Users\imper\Downloads\apache-tomcat-10.1.34-windows-x64\apache-tomcat-10.1.34
15-Jan-2025 13:18:16.444 INFO [main] org.apache.catalina.startup.VersionLoggerListener.log Command line argument: --add-opens=java.base/java.lang=ALL-UNNAMED
15-Jan-2025 13:18:16.444 INFO [main] org.apache.catalina.startup.VersionLoggerListener.log Command line argument: --add-opens=java.base/java.io=ALL-UNNAMED
15-Jan-2025 13:18:16.446 INFO [main] org.apache.catalina.startup.VersionLoggerListener.log Command line argument: --add-opens=java.base/java.util=ALL-UNNAMED
15-Jan-2025 13:18:16.446 INFO [main] org.apache.catalina.startup.VersionLoggerListener.log Command line argument: --add-opens=java.base/java.util.concurrent=ALL-UNNAMED
15-Jan-2025 13:18:16.446 INFO [main] org.apache.catalina.startup.VersionLoggerListener.log Command line argument: --add-opens=java.rmi/sun.rmi.transport=ALL-UNNAMED
15-Jan-2025 13:18:16.446 INFO [main] org.apache.catalina.startup.VersionLoggerListener.log Command line argument: -Dcatalina.home=C:\Users\imper\Downloads\apache-tomcat-10.1.34-windows-x64\apache-tomcat-10.1.34
15-Jan-2025 13:18:16.447 INFO [main] org.apache.catalina.startup.VersionLoggerListener.log Command line argument: -Dcatalina.base=C:\Users\imper\Documents\Java_Projects\RegistrationServletAndJDBCProj
15-Jan-2025 13:18:16.447 INFO [main] org.apache.catalina.startup.VersionLoggerListener.log Command line argument: -Djava.io.tmpdir=C:\Users\imper\Documents\Java_Projects\RegistrationServletAndJDBCProj\temp
15-Jan-2025 13:18:16.447 INFO [main] org.apache.catalina.startup.VersionLoggerListener.log Command line argument: -Djava.util.logging.config.file=C:\Users\imper\Documents\Java_Projects\RegistrationServletAndJDBCProj\conf\logging.properties
15-Jan-2025 13:18:16.447 INFO [main] org.apache.catalina.startup.VersionLoggerListener.log Command line argument: -Djava.util.logging.manager=org.apache.juli.ClassLoaderLogManager
15-Jan-2025 13:18:16.447 INFO [main] org.apache.catalina.startup.VersionLoggerListener.log Command line argument: -javaagent:C:\Program Files\JetBrains\IntelliJ IDEA Community Edition 2024.3.1.1\lib\idea_rt.jar=53610:C:\Program Files\JetBrains\IntelliJ IDEA Community Edition 2024.3.1.1\bin
15-Jan-2025 13:18:16.448 INFO [main] org.apache.catalina.startup.VersionLoggerListener.log Command line argument: -Dfile.encoding=UTF-8
15-Jan-2025 13:18:16.448 INFO [main] org.apache.catalina.startup.VersionLoggerListener.log Command line argument: -Dsun.stdout.encoding=UTF-8
15-Jan-2025 13:18:16.448 INFO [main] org.apache.catalina.startup.VersionLoggerListener.log Command line argument: -Dsun.stderr.encoding=UTF-8
15-Jan-2025 13:18:16.460 INFO [main] org.apache.catalina.core.AprLifecycleListener.lifecycleEvent Loaded Apache Tomcat Native library [2.0.8] using APR version [1.7.4].
15-Jan-2025 13:18:16.498 INFO [main] org.apache.catalina.core.AprLifecycleListener.initializeSSL OpenSSL successfully initialized [OpenSSL 3.0.14 4 Jun 2024]
15-Jan-2025 13:18:17.288 INFO [main] org.apache.coyote.AbstractProtocol.init Initializing ProtocolHandler ["http-nio-8080"]
15-Jan-2025 13:18:17.325 INFO [main] org.apache.catalina.startup.Catalina.load Server initialization in [1527] milliseconds
15-Jan-2025 13:18:17.456 INFO [main] org.apache.catalina.core.StandardService.startInternal Starting service [Catalina]
15-Jan-2025 13:18:17.456 INFO [main] org.apache.catalina.core.StandardEngine.startInternal Starting Servlet engine: [Apache Tomcat/10.1.34]
15-Jan-2025 13:18:17.482 INFO [main] org.apache.catalina.startup.HostConfig.deployDescriptor Deploying deployment descriptor [C:\Users\imper\Documents\Java_Projects\RegistrationServletAndJDBCProj\conf\Catalina\localhost\RegistrationServletAndJDBCProj.xml]
15-Jan-2025 13:18:19.360 INFO [main] org.apache.jasper.servlet.TldScanner.scanJars At least one JAR was scanned for TLDs yet contained no TLDs. Enable debug logging for this logger for a complete list of JARs that were scanned but no TLDs were found in them. Skipping unneeded JARs during scanning can improve startup time and JSP compilation time.
15-Jan-2025 13:18:19.502 INFO [main] org.apache.catalina.startup.HostConfig.deployDescriptor Deployment of deployment descriptor [C:\Users\imper\Documents\Java_Projects\RegistrationServletAndJDBCProj\conf\Catalina\localhost\RegistrationServletAndJDBCProj.xml] has finished in [2,019] ms
15-Jan-2025 13:18:19.512 INFO [main] org.apache.coyote.AbstractProtocol.start Starting ProtocolHandler ["http-nio-8080"]
15-Jan-2025 13:18:19.562 INFO [main] org.apache.catalina.startup.Catalina.start Server startup in [2234] milliseconds
15-Jan-2025 13:47:43.200 INFO [Thread-1] org.apache.coyote.AbstractProtocol.pause Pausing ProtocolHandler ["http-nio-8080"]
15-Jan-2025 13:47:43.227 INFO [Thread-1] org.apache.catalina.core.StandardService.stopInternal Stopping service [Catalina]
15-Jan-2025 13:47:43.360 WARNING [Thread-1] org.apache.catalina.loader.WebappClassLoaderBase.clearReferencesThreads The web application [RegistrationServletAndJDBCProj] appears to have started a thread named [mysql-cj-abandoned-connection-cleanup] but has failed to stop it. This is very likely to create a memory leak. Stack trace of thread:
 java.base/jdk.internal.misc.Unsafe.park(Native Method)
 java.base/java.util.concurrent.locks.LockSupport.parkNanos(LockSupport.java:269)
 java.base/java.util.concurrent.locks.AbstractQueuedSynchronizer$ConditionObject.await(AbstractQueuedSynchronizer.java:1852)
 java.base/java.lang.ref.ReferenceQueue.await(ReferenceQueue.java:79)
 java.base/java.lang.ref.ReferenceQueue.remove0(ReferenceQueue.java:151)
 java.base/java.lang.ref.ReferenceQueue.remove(ReferenceQueue.java:229)
 com.mysql.cj.jdbc.AbandonedConnectionCleanupThread.run(AbandonedConnectionCleanupThread.java:84)
 java.base/java.util.concurrent.ThreadPoolExecutor.runWorker(ThreadPoolExecutor.java:1144)
 java.base/java.util.concurrent.ThreadPoolExecutor$Worker.run(ThreadPoolExecutor.java:642)
 java.base/java.lang.Thread.run(Thread.java:1575)
15-Jan-2025 13:47:43.391 INFO [Thread-1] org.apache.coyote.AbstractProtocol.stop Stopping ProtocolHandler ["http-nio-8080"]
15-Jan-2025 13:47:43.406 INFO [Thread-1] org.apache.coyote.AbstractProtocol.destroy Destroying ProtocolHandler ["http-nio-8080"]
